This is XeTeX, Version 3.14159265-2.6-0.999991 (TeX Live 2019/Debian) (preloaded format=xelatex 2020.5.29)  10 DEC 2022 13:15
entering extended mode
 restricted \write18 enabled.
 %&-line parsing enabled.
**dragon_scroll.tex
(./dragon_scroll.tex
LaTeX2e <2020-02-02> patch level 2
L3 programming layer <2020-02-14> (/usr/share/texlive/texmf-dist/tex/latex/kote
x-oblivoir/oblivoir.cls
Document Class: oblivoir 
(/usr/share/texlive/texmf-dist/tex/latex/kotex-oblivoir/xoblivoir.cls
Document Class: xoblivoir 2015/07/27
(/usr/share/texlive/texmf-dist/tex/latex/xkeyval/xkeyval.sty
Package: xkeyval 2014/12/03 v2.7a package option processing (HA)
(/usr/share/texlive/texmf-dist/tex/generic/xkeyval/xkeyval.tex (/usr/share/texl
ive/texmf-dist/tex/generic/xkeyval/xkvutils.tex
\XKV@toks=\toks14
\XKV@tempa@toks=\toks15
(/usr/share/texlive/texmf-dist/tex/generic/xkeyval/keyval.tex))
\XKV@depth=\count163
File: xkeyval.tex 2014/12/03 v2.7a key=value parser (HA)
)) (/usr/share/texlive/texmf-dist/tex/generic/iftex/iftex.sty
Package: iftex 2019/11/07 v1.0c TeX engine tests
) (/usr/share/texlive/texmf-dist/tex/latex/kotex-oblivoir/oblivoir-xlua.cls
Document Class: oblivoir-xlua 2015/10/19 v0.8.3 article-like class to typeset U
TF-8 korean using memoir.
A variant of oblivoir class for Lua- or XeLaTeX.
\fa@setheight=\skip47
\fa@setwidth=\skip48
(/usr/share/texlive/texmf-dist/tex/latex/l3kernel/expl3.sty
Package: expl3 2020-02-14 L3 programming layer (loader) 
(/usr/share/texlive/texmf-dist/tex/latex/l3backend/l3backend-xdvipdfmx.def
File: l3backend-xdvipdfmx.def 2020-02-03 L3 backend support: xdvipdfmx
\g__graphics_track_int=\count164
\l__pdf_internal_box=\box45
\g__pdf_backend_object_int=\count165
\g__pdf_backend_annotation_int=\count166
)) (/usr/share/texlive/texmf-dist/tex/latex/l3packages/xparse/xparse.sty
Package: xparse 2020-02-14 L3 Experimental document command parser
\l__xparse_current_arg_int=\count167
\g__xparse_grabber_int=\count168
\l__xparse_m_args_int=\count169
\l__xparse_v_nesting_int=\count170
) (/usr/share/texlive/texmf-dist/tex/latex/memoir/memoir.cls
Document Class: memoir 2019/11/21 v3.7j configurable book, report, article docu
ment class
\onelineskip=\skip49
\lxvchars=\skip50
\xlvchars=\skip51
\@memcnta=\count171
\c@@memmarkcntra=\count172
LaTeX Info: Redefining \InputIfFileExists on input line 140.
\stockheight=\skip52
\stockwidth=\skip53
\trimtop=\skip54
\trimedge=\skip55
(/usr/share/texlive/texmf-dist/tex/latex/memoir/mem10.clo
File: mem10.clo 2008/01/30 v0.3 memoir class 10pt size option
)
\binding=\skip56
\spinemargin=\skip57
\foremargin=\skip58
\uppermargin=\skip59
\lowermargin=\skip60
\headdrop=\skip61
\normalrulethickness=\skip62
\mem@maxheadheight=\skip63
\mem@maxfootheight=\skip64
\headwidth=\skip65
\c@storedpagenumber=\count173
\memPD=\dimen134
\m@mabparskip=\skip66
\thanksmarkwidth=\skip67
\thanksmarksep=\skip68
\droptitle=\skip69
\c@book=\count174
\c@part=\count175
\c@chapter=\count176
\c@section=\count177
\c@subsection=\count178
\c@subsubsection=\count179
\c@paragraph=\count180
\c@subparagraph=\count181
\beforechapskip=\skip70
\midchapskip=\skip71
\afterchapskip=\skip72
\chapindent=\skip73
\bottomsectionskip=\skip74
\secindent=\skip75
\beforesecskip=\skip76
\aftersecskip=\skip77
\subsecindent=\skip78
\beforesubsecskip=\skip79
\aftersubsecskip=\skip80
\subsubsecindent=\skip81
\beforesubsubsecskip=\skip82
\aftersubsubsecskip=\skip83
\paraindent=\skip84
\beforeparaskip=\skip85
\afterparaskip=\skip86
\subparaindent=\skip87
\beforesubparaskip=\skip88
\aftersubparaskip=\skip89
\pfbreakskip=\skip90
\c@@ppsavesec=\count182
\c@@ppsaveapp=\count183
\ragrparindent=\dimen135
\everylistparindent=\dimen136
\parsepi=\skip91
\topsepi=\skip92
\itemsepi=\skip93
\parsepii=\skip94
\topsepii=\skip95
\topsepiii=\skip96
\itemsepii=\skip97
\itemsepiii=\skip98
\partopsepii=\skip99
\partopsepiii=\skip100
\m@msavetopsep=\skip101
\m@msavepartopsep=\skip102
\@enLab=\toks16
\abstitleskip=\skip103
\absleftindent=\skip104
\abs@leftindent=\dimen137
\absrightindent=\skip105
\absparindent=\skip106
\absparsep=\skip107
\c@vslineno=\count184
\c@poemline=\count185
\c@modulo@vs=\count186
\c@memfvsline=\count187
\vleftskip=\skip108
\vrightskip=\skip109
\stanzaskip=\skip110
\versewidth=\skip111
\vgap=\skip112
\vindent=\skip113
\vleftmargin=\dimen138
\c@verse=\count188
\c@chrsinstr=\count189
\beforepoemtitleskip=\skip114
\afterpoemtitleskip=\skip115
\c@poem=\count190
\beforePoemTitleskip=\skip116
\midPoemTitleskip=\skip117
\afterPoemTitleskip=\skip118
(/usr/share/texlive/texmf-dist/tex/latex/tools/array.sty
Package: array 2019/08/31 v2.4l Tabular extension package (FMi)
\col@sep=\dimen139
\ar@mcellbox=\box46
\extrarowheight=\dimen140
\NC@list=\toks17
\extratabsurround=\skip119
\backup@length=\skip120
\ar@cellbox=\box47
) (/usr/share/texlive/texmf-dist/tex/latex/tools/dcolumn.sty
Package: dcolumn 2014/10/28 v1.06 decimal alignment package (DPC)
) (/usr/share/texlive/texmf-dist/tex/latex/tools/delarray.sty
Package: delarray 2014/10/28 v1.01 array delimiter package (DPC)
) (/usr/share/texlive/texmf-dist/tex/latex/tools/tabularx.sty
Package: tabularx 2020/01/15 v2.11c `tabularx' package (DPC)
\TX@col@width=\dimen141
\TX@old@table=\dimen142
\TX@old@col=\dimen143
\TX@target=\dimen144
\TX@delta=\dimen145
\TX@cols=\count191
\TX@ftn=\toks18
)
\heavyrulewidth=\dimen146
\lightrulewidth=\dimen147
\cmidrulewidth=\dimen148
\belowrulesep=\dimen149
\belowbottomsep=\dimen150
\aboverulesep=\dimen151
\abovetopsep=\dimen152
\cmidrulesep=\dimen153
\cmidrulekern=\dimen154
\defaultaddspace=\dimen155
\@cmidla=\count192
\@cmidlb=\count193
\@aboverulesep=\dimen156
\@belowrulesep=\dimen157
\@thisruleclass=\count194
\@lastruleclass=\count195
\@thisrulewidth=\dimen158
\ctableftskip=\skip121
\ctabrightskip=\skip122
\abovecolumnspenalty=\count196
\@linestogo=\count197
\@cellstogo=\count198
\@cellsincolumn=\count199
\crtok=\toks19
\@mincolumnwidth=\dimen159
\c@newflo@tctr=\count266
\mem@margin@floatbox=\box48
\@contcwidth=\skip123
\@contindw=\skip124
\abovecaptionskip=\skip125
\belowcaptionskip=\skip126
\subfloattopskip=\skip127
\subfloatcapskip=\skip128
\subfloatcaptopadj=\skip129
\subfloatbottomskip=\skip130
\subfloatlabelskip=\skip131
\subfloatcapmargin=\dimen160
\c@@contsubnum=\count267
\m@mscap@capbox=\box49
\m@mscap@fbox=\box50
\sidecapsep=\dimen161
\sidecapwidth=\dimen162
\m@m@tempdima=\dimen163
\m@mscapraise=\dimen164
\sidecapraise=\dimen165
\m@mscapmainwidth=\dimen166
\m@mscaplkern=\dimen167
\beforeepigraphskip=\skip132
\afterepigraphskip=\skip133
\epigraphwidth=\skip134
\epigraphrule=\skip135
LaTeX Info: Redefining \em on input line 7662.
LaTeX Info: Redefining \emph on input line 7670.
\tocentryskip=\skip136
\tocbaseline=\skip137
\cftparskip=\skip138
\cftbeforebookskip=\skip139
\cftbookindent=\dimen168
\cftbooknumwidth=\dimen169
\cftbeforepartskip=\skip140
\cftpartindent=\skip141
\cftpartnumwidth=\skip142
\cftbeforechapterskip=\skip143
\cftchapterindent=\skip144
\cftchapternumwidth=\skip145
\cftbeforesectionskip=\skip146
\cftsectionindent=\skip147
\cftsectionnumwidth=\skip148
\cftbeforesubsectionskip=\skip149
\cftsubsectionindent=\skip150
\cftsubsectionnumwidth=\skip151
\cftbeforesubsubsectionskip=\skip152
\cftsubsubsectionindent=\skip153
\cftsubsubsectionnumwidth=\skip154
\cftbeforeparagraphskip=\skip155
\cftparagraphindent=\skip156
\cftparagraphnumwidth=\skip157
\cftbeforesubparagraphskip=\skip158
\cftsubparagraphindent=\skip159
\cftsubparagraphnumwidth=\skip160
\prechapterprecisshift=\dimen170
\c@maxsecnumdepth=\count268
\bibindent=\dimen171
\bibitemsep=\skip161
\indexcolsep=\skip162
\indexrule=\skip163
\indexmarkstyle=\toks20
\@indexbox=\insert252
\glossarycolsep=\dimen172
\glossaryrule=\dimen173
\sideparvshift=\skip164
\sideins=\insert251
\sidebartopsep=\skip165
\sidebarhsep=\skip166
\sidebarvsep=\skip167
\sidebarwidth=\skip168
\footmarkwidth=\skip169
\footmarksep=\skip170
\footparindent=\skip171
\footinsdim=\skip172
\footinsv@r=\insert250
\@mpfootinsv@r=\insert249
\m@m@k=\count269
\m@m@h=\dimen174
\m@mipn@skip=\skip173
\sidefootins=\insert248
\sidefootadjust=\skip174
\sidefootheight=\skip175
\sidefoothsep=\skip176
\sidefootvsep=\skip177
\sidefootwidth=\skip178
\m@mdownsf=\skip179
\c@sidefootnote=\count270
\sidefootmarkwidth=\skip180
\sidefootmarksep=\skip181
\sidefootparindent=\skip182
\c@pagenote=\count271
\c@pagenoteshadow=\count272
\mem@pn@lastkern=\skip183
\every@verbatim=\toks21
\afterevery@verbatim=\toks22
\verbatim@line=\toks23
\tab@position=\count273
\verbatim@in@stream=\read2
\verbatimindent=\skip184
\verbatim@out=\write3
\bvboxsep=\skip185
\c@memfbvline=\count274
\c@bvlinectr=\count275
\bvnumlength=\skip186
\fb@frw=\dimen175
\fb@frh=\dimen176
\FrameRule=\dimen177
\FrameSep=\dimen178
\c@cp@cntr=\count276
LaTeX Info: Redefining \: on input line 12187.
LaTeX Info: Redefining \! on input line 12189.
\c@ism@mctr=\count277
\c@xsm@mctr=\count278
\c@csm@mctr=\count279
\c@ksm@mctr=\count280
\c@xksm@mctr=\count281
\c@cksm@mctr=\count282
\c@msm@mctr=\count283
\c@xmsm@mctr=\count284
\c@cmsm@mctr=\count285
\c@bsm@mctr=\count286
\c@workm@mctr=\count287
\c@sheetsequence=\count288
\c@lastsheet=\count289
\c@lastpage=\count290
(/usr/share/texlive/texmf-dist/tex/latex/textcase/textcase.sty
Package: textcase 2019/09/14 v1.00 Text only upper/lower case changing (DPC)
)
\c@figure=\count291
\c@lofdepth=\count292
\cftbeforefigureskip=\skip187
\cftfigureindent=\skip188
\cftfigurenumwidth=\skip189
\c@table=\count293
\c@lotdepth=\count294
\cftbeforetableskip=\skip190
\cfttableindent=\skip191
\cfttablenumwidth=\skip192
Package abstract [2008/07/23] emulated by memoir.
Package appendix [2008/07/23] emulated by memoir.
Package booktabs [2016/05/16] emulated by memoir.
Package ccaption [2008/07/23] emulated by memoir.
Package changepage [2008/07/23] emulated by memoir.
Package chngcntr [2008/07/23] emulated by memoir.
Package chngpage [2008/07/23] emulated by memoir.
Package crop emulated by memoir.
Package enumerate [2008/07/23] emulated by memoir.
Package epigraph [2008/07/23] emulated by memoir.
Package ifmtarg [2008/07/23] emulated by memoir.
Package index [2008/07/23] emulated by memoir.
Package makeidx [2008/07/23] emulated by memoir.
Package moreverb [2008/07/23] emulated by memoir.
Package mparhack [2008/07/23] emulated by memoir.
Package needspace [2008/07/23] emulated by memoir.
Package newfile [2008/07/23] emulated by memoir.
Package nextpage [2008/07/23] emulated by memoir.
Package pagenote [2008/07/23] emulated by memoir.
Package parskip [2008/07/23] emulated by memoir.
Package patchcmd [2008/07/23] emulated by memoir.
Package setspace [2008/07/23] emulated by memoir.
Package shortvrb [2008/07/23] emulated by memoir.
Package showidx [2008/07/23] emulated by memoir.
Package titleref [2008/07/23] emulated by memoir.
Package titling [2008/07/23] emulated by memoir.
Package tocbibind [2008/07/23] emulated by memoir.
Package tocloft [2008/07/23] emulated by memoir.
Package tocvsec2 [2008/07/23] emulated by memoir.
Package verbatim [2008/07/23] emulated by memoir.
Package verse [2008/07/23] emulated by memoir.
) (/usr/share/texlive/texmf-dist/tex/generic/iftex/ifluatex.sty
Package: ifluatex 2019/10/25 v1.5 ifluatex legacy package. Use iftex instead.
) (/usr/share/texlive/texmf-dist/tex/generic/iftex/ifxetex.sty
Package: ifxetex 2019/10/25 v0.7 ifxetex legacy package. Use iftex instead.
)
(/usr/share/texlive/texmf-dist/tex/latex/kotex-oblivoir/memhangul-x/memhangul-x
.sty
Package: memhangul-x 2015/10/05Hangul Typography for (x)oblivoir

(/usr/share/texlive/texmf-dist/tex/latex/kotex-oblivoir/memhangul-x/xetexko-var
.sty
Package: xetexko-var 2014/06/12 v0.13 Korean Typesetting under XeTeX
(/usr/share/texlive/texmf-dist/tex/xetex/xetexko/xetexko-space.sty
Package: xetexko-space 2020/02/17 v2.23 Spacings and fonts for XeTeX-ko
\XeTeXcharclassID=\XeTeXcharclass1
\XeTeXcharclassOP=\XeTeXcharclass2
\XeTeXcharclassCL=\XeTeXcharclass3

(/usr/share/texlive/texmf-dist/tex/generic/unicode-data/load-unicode-xetex-clas
ses.tex 
load-unicode-xetex-classes.tex v1.11 (2019-11-28)
Reading Unicode east Asian character class data
# LineBreak-12.1.0.txt 
# Date: 2019-03-31, 22:04:15 GMT [KW, LI] 
# EastAsianWidth-12.1.0.txt 
# Date: 2019-03-31, 22:01:58 GMT [KW, LI] 
)
\XKsmallkana=\XeTeXcharclass4
\XKcjkcolon=\XeTeXcharclass5
\XKcjkfullstop=\XeTeXcharclass6
\XKcjkliaison=\XeTeXcharclass7
\XKcjkextrastop=\XeTeXcharclass8
\XKcjksymbol=\XeTeXcharclass9
\XKhangulsyllable=\XeTeXcharclass10
\XKhanguljungjong=\XeTeXcharclass11
\XKlatinopening=\XeTeXcharclass12
\XKlatinclosing=\XeTeXcharclass13
\XKopeningquote=\XeTeXcharclass14
\XKclosingquote=\XeTeXcharclass15
\XKlatinfullstop=\XeTeXcharclass16
\XKlatinquestion=\XeTeXcharclass17
\XKlatinexclamation=\XeTeXcharclass18
\XKlatinhyphen=\XeTeXcharclass19
\XKlatincomma=\XeTeXcharclass20
\XKlatincolon=\XeTeXcharclass21
\XKlatinnumber=\XeTeXcharclass22
\XKhanjacombining=\XeTeXcharclass23
\XK@toks@=\toks24
\XKdotemphbox=\box51
) (/usr/share/texlive/texmf-dist/tex/xetex/xetexko/xetexko-josa.sty
Package: xetexko-josa 2020/02/17 v2.23 Auto-josa for XeTeX-ko
\@josa=\count295
) (/usr/share/texlive/texmf-dist/tex/xetex/xetexko/xetexko-vertical.sty
Package: xetexko-vertical 2020/02/17 v2.23 Vertical environment for XeTeX-ko
\verticalem=\dimen179
)
(/usr/share/texlive/texmf-dist/tex/latex/kotex-oblivoir/memhangul-x/xob-dotemph
.sty
\useremphraisedim=\dimen180
)
(/usr/share/texlive/texmf-dist/tex/latex/kotex-oblivoir/memhangul-x/xob-hyper.s
ty)
(/usr/share/texlive/texmf-dist/tex/latex/kotex-oblivoir/memhangul-x/xob-font.st
y
Package: xob-font 2017/02/03 v0.7 select hangul/hanja fonts for oblivoir
(/usr/share/texlive/texmf-dist/tex/xetex/xetexko/xetexko-font.sty
Package: xetexko-font 2020/02/17 v2.23 LaTeX Font commands for XeTeX-ko
(/usr/share/texlive/texmf-dist/tex/latex/fontspec/fontspec.sty
Package: fontspec 2020/02/03 v2.7h Font selection for XeLaTeX and LuaLaTeX
(/usr/share/texlive/texmf-dist/tex/latex/fontspec/fontspec-xetex.sty
Package: fontspec-xetex 2020/02/03 v2.7h Font selection for XeLaTeX and LuaLaTe
X
\l__fontspec_script_int=\count296
\l__fontspec_language_int=\count297
\l__fontspec_strnum_int=\count298
\l__fontspec_tmp_int=\count299
\l__fontspec_tmpa_int=\count300
\l__fontspec_tmpb_int=\count301
\l__fontspec_tmpc_int=\count302
\l__fontspec_em_int=\count303
\l__fontspec_emdef_int=\count304
\l__fontspec_strong_int=\count305
\l__fontspec_strongdef_int=\count306
\l__fontspec_tmpa_dim=\dimen181
\l__fontspec_tmpb_dim=\dimen182
\l__fontspec_tmpc_dim=\dimen183
(/usr/share/texlive/texmf-dist/tex/latex/base/fontenc.sty
Package: fontenc 2020/02/11 v2.0o Standard LaTeX package
) (/usr/share/texlive/texmf-dist/tex/latex/fontspec/fontspec.cfg))))) (/usr/sha
re/texlive/texmf-dist/tex/latex/cjk-ko/kolabels-utf.sty
Package: kolabels-utf 2015/03/20 v1.5 UTF-8 Hangul item labels
))
\memh@hu=\dimen184
\t@nch@ars=\skip193
\tmp@XXbox=\box52
\tmp@XXdim=\dimen185

(/usr/share/texlive/texmf-dist/tex/latex/kotex-oblivoir/memhangul-ucs/memhangul
-common.sty
Package: memhangul-common 2015/10/15
\pghgheadwidth=\dimen186
\c@APPchapter=\count307
\c@APPsection=\count308
\c@APPsubsection=\count309
\togetheightoffont=\box53
\htoffnt=\skip194
\divnoteskip=\skip195

(/usr/share/texlive/texmf-dist/tex/latex/kotex-oblivoir/memhangul-ucs/memhangul
-patch.sty) (/usr/share/texlive/texmf-dist/tex/generic/hologo/hologo.sty
Package: hologo 2019/12/05 v1.14 A logo collection with bookmark support (HO)
(/usr/share/texlive/texmf-dist/tex/generic/ltxcmds/ltxcmds.sty
Package: ltxcmds 2019/12/15 v1.24 LaTeX kernel commands for general use (HO)
) (/usr/share/texlive/texmf-dist/tex/generic/infwarerr/infwarerr.sty
Package: infwarerr 2019/12/03 v1.5 Providing info/warning/error messages (HO)
) (/usr/share/texlive/texmf-dist/tex/generic/kvsetkeys/kvsetkeys.sty
Package: kvsetkeys 2019/12/15 v1.18 Key value parser (HO)
) (/usr/share/texlive/texmf-dist/tex/generic/kvdefinekeys/kvdefinekeys.sty
Package: kvdefinekeys 2019-12-19 v1.6 Define keys (HO)
) (/usr/share/texlive/texmf-dist/tex/latex/pdftexcmds/pdftexcmds.sty
Package: pdftexcmds 2019/11/24 v0.31 Utility functions of pdfTeX for LuaTeX (HO
)
Package pdftexcmds Info: \pdf@primitive is available.
Package pdftexcmds Info: \pdf@ifprimitive is available.
Package pdftexcmds Info: \pdfdraftmode not found.
) (/usr/share/texlive/texmf-dist/tex/latex/kvoptions/kvoptions.sty
Package: kvoptions 2019/11/29 v3.13 Key value format for package options (HO)
)
Package hologo Info: Using driver `xetex'.
))
(/usr/share/texlive/texmf-dist/tex/latex/kotex-oblivoir/memhangul-ucs/memucs-se
tspace.sty
Package: memucs-setspace 2007/09/21 6.7-memucs8 Contributed and Supported LaTeX
2e package
Package: `memucs-setspace', a modified version of `setspace', 6.7-memucs8 <2007
/09/21>
))
\ob@hu=\dimen187
(/usr/share/texlive/texmf-dist/tex/latex/hyperref/hyperref.sty
Package: hyperref 2020/01/14 v7.00d Hypertext links for LaTeX
(/usr/share/texlive/texmf-dist/tex/generic/pdfescape/pdfescape.sty
Package: pdfescape 2019/12/09 v1.15 Implements pdfTeX's escape features (HO)
) (/usr/share/texlive/texmf-dist/tex/latex/hycolor/hycolor.sty
Package: hycolor 2020-01-27 v1.10 Color options for hyperref/bookmark (HO)
) (/usr/share/texlive/texmf-dist/tex/latex/letltxmacro/letltxmacro.sty
Package: letltxmacro 2019/12/03 v1.6 Let assignment for LaTeX macros (HO)
) (/usr/share/texlive/texmf-dist/tex/latex/auxhook/auxhook.sty
Package: auxhook 2019-12-17 v1.6 Hooks for auxiliary files (HO)
)
\@linkdim=\dimen188
\Hy@linkcounter=\count310
\Hy@pagecounter=\count311
(/usr/share/texlive/texmf-dist/tex/latex/hyperref/pd1enc.def
File: pd1enc.def 2020/01/14 v7.00d Hyperref: PDFDocEncoding definition (HO)
) (/usr/share/texlive/texmf-dist/tex/generic/intcalc/intcalc.sty
Package: intcalc 2019/12/15 v1.3 Expandable calculations with integers (HO)
) (/usr/share/texlive/texmf-dist/tex/generic/etexcmds/etexcmds.sty
Package: etexcmds 2019/12/15 v1.7 Avoid name clashes with e-TeX commands (HO)
)
\Hy@SavedSpaceFactor=\count312
Package hyperref Info: Hyper figures OFF on input line 4547.
Package hyperref Info: Link nesting OFF on input line 4552.
Package hyperref Info: Hyper index ON on input line 4555.
Package hyperref Info: Plain pages OFF on input line 4562.
Package hyperref Info: Backreferencing OFF on input line 4567.
Package hyperref Info: Implicit mode ON; LaTeX internals redefined.
Package hyperref Info: Bookmarks ON on input line 4800.
\c@Hy@tempcnt=\count313
(/usr/share/texlive/texmf-dist/tex/latex/url/url.sty
\Urlmuskip=\muskip16
Package: url 2013/09/16  ver 3.4  Verb mode for urls, etc.
)
LaTeX Info: Redefining \url on input line 5159.
\XeTeXLinkMargin=\dimen189
(/usr/share/texlive/texmf-dist/tex/generic/bitset/bitset.sty
Package: bitset 2019/12/09 v1.3 Handle bit-vector datatype (HO)
(/usr/share/texlive/texmf-dist/tex/generic/bigintcalc/bigintcalc.sty
Package: bigintcalc 2019/12/15 v1.5 Expandable calculations on big integers (HO
)
))
\Fld@menulength=\count314
\Field@Width=\dimen190
\Fld@charsize=\dimen191
Package hyperref Info: Hyper figures OFF on input line 6430.
Package hyperref Info: Link nesting OFF on input line 6435.
Package hyperref Info: Hyper index ON on input line 6438.
Package hyperref Info: backreferencing OFF on input line 6445.
Package hyperref Info: Link coloring OFF on input line 6450.
Package hyperref Info: Link coloring with OCG OFF on input line 6455.
Package hyperref Info: PDF/A mode OFF on input line 6460.
LaTeX Info: Redefining \ref on input line 6500.
LaTeX Info: Redefining \pageref on input line 6504.
(/usr/share/texlive/texmf-dist/tex/generic/atbegshi/atbegshi.sty
Package: atbegshi 2019/12/05 v1.19 At begin shipout hook (HO)
)
\Hy@abspage=\count315
\c@Item=\count316
\c@Hfootnote=\count317
) (/usr/share/texlive/texmf-dist/tex/latex/memoir/memhfixc.sty
Package: memhfixc 2019/10/24 v1.18 nameref/hyperref package fixes for memoir cl
ass
\c@memhycontfloat=\count318
\c@Hpagenote=\count319
)
Package hyperref Info: Driver (autodetected): hxetex.
(/usr/share/texlive/texmf-dist/tex/latex/hyperref/hxetex.def
File: hxetex.def 2020/01/14 v7.00d Hyperref driver for XeTeX
(/usr/share/texlive/texmf-dist/tex/latex/hyperref/puenc.def
File: puenc.def 2020/01/14 v7.00d Hyperref: PDF Unicode definition (HO)
) (/usr/share/texlive/texmf-dist/tex/generic/stringenc/stringenc.sty
Package: stringenc 2019/11/29 v1.12 Convert strings between diff. encodings (HO
)
)
\pdfm@box=\box54
\c@Hy@AnnotLevel=\count320
\HyField@AnnotCount=\count321
\Fld@listcount=\count322
\c@bookmark@seq@number=\count323
(/usr/share/texlive/texmf-dist/tex/latex/rerunfilecheck/rerunfilecheck.sty
Package: rerunfilecheck 2019/12/05 v1.9 Rerun checks for auxiliary files (HO)
(/usr/share/texlive/texmf-dist/tex/latex/atveryend/atveryend.sty
Package: atveryend 2019-12-11 v1.11 Hooks at the very end of document (HO)
Package atveryend Info: \enddocument detected (standard20110627).
) (/usr/share/texlive/texmf-dist/tex/generic/uniquecounter/uniquecounter.sty
Package: uniquecounter 2019/12/15 v1.4 Provide unlimited unique counter (HO)
)
Package uniquecounter Info: New unique counter `rerunfilecheck' on input line 2
86.
)
\Hy@SectionHShift=\skip196
)
\@ensp=\skip197

(/usr/share/texlive/texmf-dist/tex/latex/kotex-oblivoir/memhangul-ucs/ob-toclof
.sty)
(/usr/share/texlive/texmf-dist/tex/latex/kotex-oblivoir/memhangul-ucs/ob-korean
appendix.sty))))
(/usr/share/texlive/texmf-dist/tex/latex/kotex-oblivoir/memhangul-ucs/fapapersi
ze.sty
Package: fapapersize 
\fa@stockheight=\skip198
\fa@stockwidth=\skip199
\fa@paperheight=\skip256
\fa@paperwidth=\skip257
\fa@leftmargin=\skip258
\fa@rightmargin=\skip259
\fa@uppermargin=\skip260
\fa@lowermargin=\skip261
\fa@tmplenwd=\skip262
\fa@tmplenht=\skip263
\tmp@dim=\dimen192
) (/usr/share/texlive/texmf-dist/tex/latex/cjk-ko/kotex.sty
Package: kotex 2015/04/19 v1.6 Korean TeX (ko.TeX)
(/usr/share/texlive/texmf-dist/tex/latex/kotex-utf/kotex.cfg) (/usr/share/texli
ve/texmf-dist/tex/xetex/xetexko/xetexko.sty
Package: xetexko 2020/02/17 v2.23 Typesetting Korean with XeTeX
)) (/usr/share/texlive/texmf-dist/tex/latex/tools/multicol.sty
Package: multicol 2019/12/09 v1.8y multicolumn formatting (FMi)
\c@tracingmulticols=\count324
\mult@box=\box55
\multicol@leftmargin=\dimen193
\c@unbalance=\count325
\c@collectmore=\count326
\doublecol@number=\count327
\multicoltolerance=\count328
\multicolpretolerance=\count329
\full@width=\dimen194
\page@free=\dimen195
\premulticols=\dimen196
\postmulticols=\dimen197
\multicolsep=\skip264
\multicolbaselineskip=\skip265
\partial@page=\box56
\last@line=\box57
\maxbalancingoverflow=\dimen198
\mult@rightbox=\box58
\mult@grightbox=\box59
\mult@gfirstbox=\box60
\mult@firstbox=\box61
\@tempa=\box62
\@tempa=\box63
\@tempa=\box64
\@tempa=\box65
\@tempa=\box66
\@tempa=\box67
\@tempa=\box68
\@tempa=\box69
\@tempa=\box70
\@tempa=\box71
\@tempa=\box72
\@tempa=\box73
\@tempa=\box74
\@tempa=\box75
\@tempa=\box76
\@tempa=\box77
\@tempa=\box78
\@tempa=\box79
\@tempa=\box80
\@tempa=\box81
\@tempa=\box82
\@tempa=\box83
\@tempa=\box84
\@tempa=\box85
\@tempa=\box86
\@tempa=\box87
\@tempa=\box88
\@tempa=\box89
\@tempa=\box90
\@tempa=\box91
\@tempa=\box92
\@tempa=\box93
\@tempa=\box94
\@tempa=\box95
\@tempa=\box96
\@tempa=\box97
\@tempa=\box98
\c@minrows=\count330
\c@columnbadness=\count331
\c@finalcolumnbadness=\count332
\last@try=\dimen199
\multicolovershoot=\dimen256
\multicolundershoot=\dimen257
\mult@nat@firstbox=\box99
\colbreak@box=\box100
\mc@col@check@num=\count333
) (/usr/share/texlive/texmf-dist/tex/latex/tools/calc.sty
Package: calc 2017/05/25 v4.3 Infix arithmetic (KKT,FJ)
\calc@Acount=\count334
\calc@Bcount=\count335
\calc@Adimen=\dimen258
\calc@Bdimen=\dimen259
\calc@Askip=\skip266
\calc@Bskip=\skip267
LaTeX Info: Redefining \setlength on input line 80.
LaTeX Info: Redefining \addtolength on input line 81.
\calc@Ccount=\count336
\calc@Cskip=\skip268
) (/usr/share/texlive/texmf-dist/tex/latex/amsmath/amsmath.sty
Package: amsmath 2020/01/20 v2.17e AMS math features
\@mathmargin=\skip269
For additional information on amsmath, use the `?' option.
(/usr/share/texlive/texmf-dist/tex/latex/amsmath/amstext.sty
Package: amstext 2000/06/29 v2.01 AMS text
(/usr/share/texlive/texmf-dist/tex/latex/amsmath/amsgen.sty
File: amsgen.sty 1999/11/30 v2.0 generic functions
\@emptytoks=\toks25
\ex@=\dimen260
)) (/usr/share/texlive/texmf-dist/tex/latex/amsmath/amsbsy.sty
Package: amsbsy 1999/11/29 v1.2d Bold Symbols
\pmbraise@=\dimen261
) (/usr/share/texlive/texmf-dist/tex/latex/amsmath/amsopn.sty
Package: amsopn 2016/03/08 v2.02 operator names
)
\inf@bad=\count337
LaTeX Info: Redefining \frac on input line 227.
\uproot@=\count338
\leftroot@=\count339
LaTeX Info: Redefining \overline on input line 389.
\classnum@=\count340
\DOTSCASE@=\count341
LaTeX Info: Redefining \ldots on input line 486.
LaTeX Info: Redefining \dots on input line 489.
LaTeX Info: Redefining \cdots on input line 610.
\Mathstrutbox@=\box101
\strutbox@=\box102
\big@size=\dimen262
LaTeX Font Info:    Redeclaring font encoding OML on input line 733.
LaTeX Font Info:    Redeclaring font encoding OMS on input line 734.
\macc@depth=\count342
\c@MaxMatrixCols=\count343
\dotsspace@=\muskip17
\c@parentequation=\count344
\dspbrk@lvl=\count345
\tag@help=\toks26
\row@=\count346
\column@=\count347
\maxfields@=\count348
\andhelp@=\toks27
\eqnshift@=\dimen263
\alignsep@=\dimen264
\tagshift@=\dimen265
\tagwidth@=\dimen266
\totwidth@=\dimen267
\lineht@=\dimen268
\@envbody=\toks28
\multlinegap=\skip270
\multlinetaggap=\skip271
\mathdisplay@stack=\toks29
LaTeX Info: Redefining \[ on input line 2859.
LaTeX Info: Redefining \] on input line 2860.
) (/usr/share/texlive/texmf-dist/tex/latex/amscls/amsthm.sty
Package: amsthm 2017/10/31 v2.20.4
\thm@style=\toks30
\thm@bodyfont=\toks31
\thm@headfont=\toks32
\thm@notefont=\toks33
\thm@headpunct=\toks34
\thm@preskip=\skip272
\thm@postskip=\skip273
\thm@headsep=\skip274
\dth@everypar=\toks35
) (/usr/share/texlive/texmf-dist/tex/latex/amsfonts/amsfonts.sty
Package: amsfonts 2013/01/14 v3.01 Basic AMSFonts support
\symAMSa=\mathgroup4
\symAMSb=\mathgroup5
LaTeX Font Info:    Redeclaring math symbol \hbar on input line 98.
LaTeX Font Info:    Overwriting math alphabet `\mathfrak' in version `bold'
(Font)                  U/euf/m/n --> U/euf/b/n on input line 106.
) (/usr/share/texlive/texmf-dist/tex/latex/amsfonts/amssymb.sty
Package: amssymb 2013/01/14 v3.01 AMS font symbols
) (/usr/share/texlive/texmf-dist/tex/latex/graphics/color.sty
Package: color 2019/11/23 v1.2a Standard LaTeX Color (DPC)
(/usr/share/texlive/texmf-dist/tex/latex/graphics-cfg/color.cfg
File: color.cfg 2016/01/02 v1.6 sample color configuration
)
Package color Info: Driver file: xetex.def on input line 147.
(/usr/share/texlive/texmf-dist/tex/latex/graphics-def/xetex.def
File: xetex.def 2017/06/24 v5.0h Graphics/color driver for xetex
)) (/usr/share/texlive/texmf-dist/tex/latex/graphics/graphicx.sty
Package: graphicx 2019/11/30 v1.2a Enhanced LaTeX Graphics (DPC,SPQR)
(/usr/share/texlive/texmf-dist/tex/latex/graphics/graphics.sty
Package: graphics 2019/11/30 v1.4a Standard LaTeX Graphics (DPC,SPQR)
(/usr/share/texlive/texmf-dist/tex/latex/graphics/trig.sty
Package: trig 2016/01/03 v1.10 sin cos tan (DPC)
) (/usr/share/texlive/texmf-dist/tex/latex/graphics-cfg/graphics.cfg
File: graphics.cfg 2016/06/04 v1.11 sample graphics configuration
)
Package graphics Info: Driver file: xetex.def on input line 105.
)
\Gin@req@height=\dimen269
\Gin@req@width=\dimen270
) (/usr/share/texlive/texmf-dist/tex/latex/overpic/overpic.sty
Package: overpic 2018/09/02 1.2 picture overlays (RN)
(/usr/share/texlive/texmf-dist/tex/latex/eepic/epic.sty
Enhancements to Picture Environment. Version 1.2 - Released June 1, 1986
\@@multicnt=\count349
\d@lta=\count350
\@delta=\dimen271
\@@delta=\dimen272
\@gridcnt=\count351
\@joinkind=\count352
\@dotgap=\dimen273
\@ddotgap=\dimen274
\@x@diff=\count353
\@y@diff=\count354
\x@diff=\dimen275
\y@diff=\dimen276
\@dotbox=\box103
\num@segments=\count355
\num@segmentsi=\count356
\@datafile=\read3
)
\OVP@box=\box104
) (/usr/share/texlive/texmf-dist/tex/latex/base/inputenc.sty
Package: inputenc 2018/08/11 v1.3c Input encoding file
\inpenc@prehook=\toks36
\inpenc@posthook=\toks37

Package inputenc Warning: inputenc package ignored with utf8 based engines.

) (/usr/share/texlive/texmf-dist/tex/latex/base/textcomp.sty
Package: textcomp 2020/02/02 v2.0n Standard LaTeX package
) (/usr/share/texlive/texmf-dist/tex/latex/pgf/frontendlayer/tikz.sty (/usr/sha
re/texlive/texmf-dist/tex/latex/pgf/basiclayer/pgf.sty (/usr/share/texlive/texm
f-dist/tex/latex/pgf/utilities/pgfrcs.sty (/usr/share/texlive/texmf-dist/tex/ge
neric/pgf/utilities/pgfutil-common.tex
\pgfutil@everybye=\toks38
\pgfutil@tempdima=\dimen277
\pgfutil@tempdimb=\dimen278

(/usr/share/texlive/texmf-dist/tex/generic/pgf/utilities/pgfutil-common-lists.t
ex)) (/usr/share/texlive/texmf-dist/tex/generic/pgf/utilities/pgfutil-latex.def
\pgfutil@abb=\box105
(/usr/share/texlive/texmf-dist/tex/latex/ms/everyshi.sty
Package: everyshi 2001/05/15 v3.00 EveryShipout Package (MS)
)) (/usr/share/texlive/texmf-dist/tex/generic/pgf/utilities/pgfrcs.code.tex (/u
sr/share/texlive/texmf-dist/tex/generic/pgf/pgf.revision.tex)
Package: pgfrcs 2020/01/08 v3.1.5b (3.1.5b)
))
Package: pgf 2020/01/08 v3.1.5b (3.1.5b)
(/usr/share/texlive/texmf-dist/tex/latex/pgf/basiclayer/pgfcore.sty (/usr/share
/texlive/texmf-dist/tex/latex/pgf/systemlayer/pgfsys.sty (/usr/share/texlive/te
xmf-dist/tex/generic/pgf/systemlayer/pgfsys.code.tex
Package: pgfsys 2020/01/08 v3.1.5b (3.1.5b)
(/usr/share/texlive/texmf-dist/tex/generic/pgf/utilities/pgfkeys.code.tex
\pgfkeys@pathtoks=\toks39
\pgfkeys@temptoks=\toks40

(/usr/share/texlive/texmf-dist/tex/generic/pgf/utilities/pgfkeysfiltered.code.t
ex
\pgfkeys@tmptoks=\toks41
))
\pgf@x=\dimen279
\pgf@y=\dimen280
\pgf@xa=\dimen281
\pgf@ya=\dimen282
\pgf@xb=\dimen283
\pgf@yb=\dimen284
\pgf@xc=\dimen285
\pgf@yc=\dimen286
\pgf@xd=\dimen287
\pgf@yd=\dimen288
\w@pgf@writea=\write4
\r@pgf@reada=\read4
\c@pgf@counta=\count357
\c@pgf@countb=\count358
\c@pgf@countc=\count359
\c@pgf@countd=\count360
\t@pgf@toka=\toks42
\t@pgf@tokb=\toks43
\t@pgf@tokc=\toks44
\pgf@sys@id@count=\count361
(/usr/share/texlive/texmf-dist/tex/generic/pgf/systemlayer/pgf.cfg
File: pgf.cfg 2020/01/08 v3.1.5b (3.1.5b)
)
Driver file for pgf: pgfsys-xetex.def
(/usr/share/texlive/texmf-dist/tex/generic/pgf/systemlayer/pgfsys-xetex.def
File: pgfsys-xetex.def 2020/01/08 v3.1.5b (3.1.5b)
(/usr/share/texlive/texmf-dist/tex/generic/pgf/systemlayer/pgfsys-dvipdfmx.def
File: pgfsys-dvipdfmx.def 2020/01/08 v3.1.5b (3.1.5b)

(/usr/share/texlive/texmf-dist/tex/generic/pgf/systemlayer/pgfsys-common-pdf.de
f
File: pgfsys-common-pdf.def 2020/01/08 v3.1.5b (3.1.5b)
)
\pgfsys@objnum=\count362
)))
(/usr/share/texlive/texmf-dist/tex/generic/pgf/systemlayer/pgfsyssoftpath.code.
tex
File: pgfsyssoftpath.code.tex 2020/01/08 v3.1.5b (3.1.5b)
\pgfsyssoftpath@smallbuffer@items=\count363
\pgfsyssoftpath@bigbuffer@items=\count364
)
(/usr/share/texlive/texmf-dist/tex/generic/pgf/systemlayer/pgfsysprotocol.code.
tex
File: pgfsysprotocol.code.tex 2020/01/08 v3.1.5b (3.1.5b)
)) (/usr/share/texlive/texmf-dist/tex/latex/xcolor/xcolor.sty
Package: xcolor 2016/05/11 v2.12 LaTeX color extensions (UK)
(/usr/share/texlive/texmf-dist/tex/latex/graphics-cfg/color.cfg
File: color.cfg 2016/01/02 v1.6 sample color configuration
)
Package xcolor Info: Driver file: xetex.def on input line 225.
LaTeX Info: Redefining \color on input line 709.
Package xcolor Info: Model `cmy' substituted by `cmy0' on input line 1348.
Package xcolor Info: Model `RGB' extended on input line 1364.
Package xcolor Info: Model `HTML' substituted by `rgb' on input line 1366.
Package xcolor Info: Model `Hsb' substituted by `hsb' on input line 1367.
Package xcolor Info: Model `tHsb' substituted by `hsb' on input line 1368.
Package xcolor Info: Model `HSB' substituted by `hsb' on input line 1369.
Package xcolor Info: Model `Gray' substituted by `gray' on input line 1370.
Package xcolor Info: Model `wave' substituted by `hsb' on input line 1371.
) (/usr/share/texlive/texmf-dist/tex/generic/pgf/basiclayer/pgfcore.code.tex
Package: pgfcore 2020/01/08 v3.1.5b (3.1.5b)
(/usr/share/texlive/texmf-dist/tex/generic/pgf/math/pgfmath.code.tex (/usr/shar
e/texlive/texmf-dist/tex/generic/pgf/math/pgfmathcalc.code.tex (/usr/share/texl
ive/texmf-dist/tex/generic/pgf/math/pgfmathutil.code.tex) (/usr/share/texlive/t
exmf-dist/tex/generic/pgf/math/pgfmathparser.code.tex
\pgfmath@dimen=\dimen289
\pgfmath@count=\count365
\pgfmath@box=\box106
\pgfmath@toks=\toks45
\pgfmath@stack@operand=\toks46
\pgfmath@stack@operation=\toks47
) (/usr/share/texlive/texmf-dist/tex/generic/pgf/math/pgfmathfunctions.code.tex

(/usr/share/texlive/texmf-dist/tex/generic/pgf/math/pgfmathfunctions.basic.code
.tex)
(/usr/share/texlive/texmf-dist/tex/generic/pgf/math/pgfmathfunctions.trigonomet
ric.code.tex)
(/usr/share/texlive/texmf-dist/tex/generic/pgf/math/pgfmathfunctions.random.cod
e.tex)
(/usr/share/texlive/texmf-dist/tex/generic/pgf/math/pgfmathfunctions.comparison
.code.tex)
(/usr/share/texlive/texmf-dist/tex/generic/pgf/math/pgfmathfunctions.base.code.
tex)
(/usr/share/texlive/texmf-dist/tex/generic/pgf/math/pgfmathfunctions.round.code
.tex)
(/usr/share/texlive/texmf-dist/tex/generic/pgf/math/pgfmathfunctions.misc.code.
tex)
(/usr/share/texlive/texmf-dist/tex/generic/pgf/math/pgfmathfunctions.integerari
thmetics.code.tex))) (/usr/share/texlive/texmf-dist/tex/generic/pgf/math/pgfmat
hfloat.code.tex
\c@pgfmathroundto@lastzeros=\count366
)) (/usr/share/texlive/texmf-dist/tex/generic/pgf/math/pgfint.code.tex)
(/usr/share/texlive/texmf-dist/tex/generic/pgf/basiclayer/pgfcorepoints.code.te
x
File: pgfcorepoints.code.tex 2020/01/08 v3.1.5b (3.1.5b)
\pgf@picminx=\dimen290
\pgf@picmaxx=\dimen291
\pgf@picminy=\dimen292
\pgf@picmaxy=\dimen293
\pgf@pathminx=\dimen294
\pgf@pathmaxx=\dimen295
\pgf@pathminy=\dimen296
\pgf@pathmaxy=\dimen297
\pgf@xx=\dimen298
\pgf@xy=\dimen299
\pgf@yx=\dimen300
\pgf@yy=\dimen301
\pgf@zx=\dimen302
\pgf@zy=\dimen303
)
(/usr/share/texlive/texmf-dist/tex/generic/pgf/basiclayer/pgfcorepathconstruct.
code.tex
File: pgfcorepathconstruct.code.tex 2020/01/08 v3.1.5b (3.1.5b)
\pgf@path@lastx=\dimen304
\pgf@path@lasty=\dimen305
)
(/usr/share/texlive/texmf-dist/tex/generic/pgf/basiclayer/pgfcorepathusage.code
.tex
File: pgfcorepathusage.code.tex 2020/01/08 v3.1.5b (3.1.5b)
\pgf@shorten@end@additional=\dimen306
\pgf@shorten@start@additional=\dimen307
)
(/usr/share/texlive/texmf-dist/tex/generic/pgf/basiclayer/pgfcorescopes.code.te
x
File: pgfcorescopes.code.tex 2020/01/08 v3.1.5b (3.1.5b)
\pgfpic=\box107
\pgf@hbox=\box108
\pgf@layerbox@main=\box109
\pgf@picture@serial@count=\count367
)
(/usr/share/texlive/texmf-dist/tex/generic/pgf/basiclayer/pgfcoregraphicstate.c
ode.tex
File: pgfcoregraphicstate.code.tex 2020/01/08 v3.1.5b (3.1.5b)
\pgflinewidth=\dimen308
)
(/usr/share/texlive/texmf-dist/tex/generic/pgf/basiclayer/pgfcoretransformation
s.code.tex
File: pgfcoretransformations.code.tex 2020/01/08 v3.1.5b (3.1.5b)
\pgf@pt@x=\dimen309
\pgf@pt@y=\dimen310
\pgf@pt@temp=\dimen311
)
(/usr/share/texlive/texmf-dist/tex/generic/pgf/basiclayer/pgfcorequick.code.tex
File: pgfcorequick.code.tex 2020/01/08 v3.1.5b (3.1.5b)
)
(/usr/share/texlive/texmf-dist/tex/generic/pgf/basiclayer/pgfcoreobjects.code.t
ex
File: pgfcoreobjects.code.tex 2020/01/08 v3.1.5b (3.1.5b)
)
(/usr/share/texlive/texmf-dist/tex/generic/pgf/basiclayer/pgfcorepathprocessing
.code.tex
File: pgfcorepathprocessing.code.tex 2020/01/08 v3.1.5b (3.1.5b)
)
(/usr/share/texlive/texmf-dist/tex/generic/pgf/basiclayer/pgfcorearrows.code.te
x
File: pgfcorearrows.code.tex 2020/01/08 v3.1.5b (3.1.5b)
\pgfarrowsep=\dimen312
)
(/usr/share/texlive/texmf-dist/tex/generic/pgf/basiclayer/pgfcoreshade.code.tex
File: pgfcoreshade.code.tex 2020/01/08 v3.1.5b (3.1.5b)
\pgf@max=\dimen313
\pgf@sys@shading@range@num=\count368
\pgf@shadingcount=\count369
)
(/usr/share/texlive/texmf-dist/tex/generic/pgf/basiclayer/pgfcoreimage.code.tex
File: pgfcoreimage.code.tex 2020/01/08 v3.1.5b (3.1.5b)

(/usr/share/texlive/texmf-dist/tex/generic/pgf/basiclayer/pgfcoreexternal.code.
tex
File: pgfcoreexternal.code.tex 2020/01/08 v3.1.5b (3.1.5b)
\pgfexternal@startupbox=\box110
))
(/usr/share/texlive/texmf-dist/tex/generic/pgf/basiclayer/pgfcorelayers.code.te
x
File: pgfcorelayers.code.tex 2020/01/08 v3.1.5b (3.1.5b)
)
(/usr/share/texlive/texmf-dist/tex/generic/pgf/basiclayer/pgfcoretransparency.c
ode.tex
File: pgfcoretransparency.code.tex 2020/01/08 v3.1.5b (3.1.5b)
)
(/usr/share/texlive/texmf-dist/tex/generic/pgf/basiclayer/pgfcorepatterns.code.
tex
File: pgfcorepatterns.code.tex 2020/01/08 v3.1.5b (3.1.5b)
) (/usr/share/texlive/texmf-dist/tex/generic/pgf/basiclayer/pgfcorerdf.code.tex
File: pgfcorerdf.code.tex 2020/01/08 v3.1.5b (3.1.5b)
)))
(/usr/share/texlive/texmf-dist/tex/generic/pgf/modules/pgfmoduleshapes.code.tex
File: pgfmoduleshapes.code.tex 2020/01/08 v3.1.5b (3.1.5b)
\pgfnodeparttextbox=\box111
) (/usr/share/texlive/texmf-dist/tex/generic/pgf/modules/pgfmoduleplot.code.tex
File: pgfmoduleplot.code.tex 2020/01/08 v3.1.5b (3.1.5b)
)
(/usr/share/texlive/texmf-dist/tex/latex/pgf/compatibility/pgfcomp-version-0-65
.sty
Package: pgfcomp-version-0-65 2020/01/08 v3.1.5b (3.1.5b)
\pgf@nodesepstart=\dimen314
\pgf@nodesepend=\dimen315
)
(/usr/share/texlive/texmf-dist/tex/latex/pgf/compatibility/pgfcomp-version-1-18
.sty
Package: pgfcomp-version-1-18 2020/01/08 v3.1.5b (3.1.5b)
)) (/usr/share/texlive/texmf-dist/tex/latex/pgf/utilities/pgffor.sty (/usr/shar
e/texlive/texmf-dist/tex/latex/pgf/utilities/pgfkeys.sty (/usr/share/texlive/te
xmf-dist/tex/generic/pgf/utilities/pgfkeys.code.tex)) (/usr/share/texlive/texmf
-dist/tex/latex/pgf/math/pgfmath.sty (/usr/share/texlive/texmf-dist/tex/generic
/pgf/math/pgfmath.code.tex)) (/usr/share/texlive/texmf-dist/tex/generic/pgf/uti
lities/pgffor.code.tex
Package: pgffor 2020/01/08 v3.1.5b (3.1.5b)
(/usr/share/texlive/texmf-dist/tex/generic/pgf/math/pgfmath.code.tex)
\pgffor@iter=\dimen316
\pgffor@skip=\dimen317
\pgffor@stack=\toks48
\pgffor@toks=\toks49
))
(/usr/share/texlive/texmf-dist/tex/generic/pgf/frontendlayer/tikz/tikz.code.tex
Package: tikz 2020/01/08 v3.1.5b (3.1.5b)

(/usr/share/texlive/texmf-dist/tex/generic/pgf/libraries/pgflibraryplothandlers
.code.tex
File: pgflibraryplothandlers.code.tex 2020/01/08 v3.1.5b (3.1.5b)
\pgf@plot@mark@count=\count370
\pgfplotmarksize=\dimen318
)
\tikz@lastx=\dimen319
\tikz@lasty=\dimen320
\tikz@lastxsaved=\dimen321
\tikz@lastysaved=\dimen322
\tikz@lastmovetox=\dimen323
\tikz@lastmovetoy=\dimen324
\tikzleveldistance=\dimen325
\tikzsiblingdistance=\dimen326
\tikz@figbox=\box112
\tikz@figbox@bg=\box113
\tikz@tempbox=\box114
\tikz@tempbox@bg=\box115
\tikztreelevel=\count371
\tikznumberofchildren=\count372
\tikznumberofcurrentchild=\count373
\tikz@fig@count=\count374

(/usr/share/texlive/texmf-dist/tex/generic/pgf/modules/pgfmodulematrix.code.tex
File: pgfmodulematrix.code.tex 2020/01/08 v3.1.5b (3.1.5b)
\pgfmatrixcurrentrow=\count375
\pgfmatrixcurrentcolumn=\count376
\pgf@matrix@numberofcolumns=\count377
)
\tikz@expandcount=\count378

(/usr/share/texlive/texmf-dist/tex/generic/pgf/frontendlayer/tikz/libraries/tik
zlibrarytopaths.code.tex
File: tikzlibrarytopaths.code.tex 2020/01/08 v3.1.5b (3.1.5b)
))) (/usr/share/texlive/texmf-dist/tex/latex/tcolorbox/tcolorbox.sty
Package: tcolorbox 2019/11/15 version 4.22 text color boxes
(/usr/share/texlive/texmf-dist/tex/latex/environ/environ.sty
Package: environ 2014/05/04 v0.3 A new way to define environments
(/usr/share/texlive/texmf-dist/tex/latex/trimspaces/trimspaces.sty
Package: trimspaces 2009/09/17 v1.1 Trim spaces around a token list
)) (/usr/share/texlive/texmf-dist/tex/latex/etoolbox/etoolbox.sty
Package: etoolbox 2019/09/21 v2.5h e-TeX tools for LaTeX (JAW)
\etb@tempcnta=\count379
)
\tcb@titlebox=\box116
\tcb@upperbox=\box117
\tcb@lowerbox=\box118
\tcb@phantombox=\box119
\c@tcbbreakpart=\count380
\c@tcblayer=\count381
\tcolorbox@number=\count382
\tcb@temp=\box120
\tcb@temp=\box121
\tcb@temp=\box122
\tcb@temp=\box123
\tcb@out=\write5
\tcb@record@out=\write6
(/usr/share/texlive/texmf-dist/tex/latex/tcolorbox/tcbraster.code.tex
Library (tcolorbox): 'tcbraster.code.tex' version '4.22'
\c@tcbrastercolumn=\count383
\c@tcbrasterrow=\count384
\c@tcbraster=\count385
) (/usr/share/texlive/texmf-dist/tex/latex/tcolorbox/tcbskins.code.tex
Library (tcolorbox): 'tcbskins.code.tex' version '4.22'
\tcb@waterbox=\box124
(/usr/share/texlive/texmf-dist/tex/latex/tcolorbox/tcbskinsjigsaw.code.tex
Library (tcolorbox): 'tcbskinsjigsaw.code.tex' version '4.22'
)) (/usr/share/texlive/texmf-dist/tex/latex/tcolorbox/tcbbreakable.code.tex
Library (tcolorbox): 'tcbbreakable.code.tex' version '4.22'
\tcb@testbox=\box125
\tcb@totalupperbox=\box126
\tcb@totallowerbox=\box127
) (/usr/share/texlive/texmf-dist/tex/latex/tcolorbox/tcbhooks.code.tex
Library (tcolorbox): 'tcbhooks.code.tex' version '4.22'
) (/usr/share/texlive/texmf-dist/tex/latex/tcolorbox/tcbtheorems.code.tex
Library (tcolorbox): 'tcbtheorems.code.tex' version '4.22'
) (/usr/share/texlive/texmf-dist/tex/latex/tcolorbox/tcbfitting.code.tex
Library (tcolorbox): 'tcbfitting.code.tex' version '4.22'
\tcbfitdim=\dimen327
\tcb@lowerfitdim=\dimen328
\tcb@upperfitdim=\dimen329
\tcb@cur@hbadness=\count386
) (/usr/share/texlive/texmf-dist/tex/latex/tcolorbox/tcbxparse.code.tex
Library (tcolorbox): 'tcbxparse.code.tex' version '4.22'
) (/usr/share/texlive/texmf-dist/tex/latex/tcolorbox/tcblistingsutf8.code.tex
Library (tcolorbox): 'tcblistingsutf8.code.tex' version '4.22'
(/usr/share/texlive/texmf-dist/tex/latex/listingsutf8/listingsutf8.sty
Package: listingsutf8 2019-12-10 v1.5 Allow UTF-8 in listings input (HO)
(/usr/share/texlive/texmf-dist/tex/latex/listings/listings.sty
\lst@mode=\count387
\lst@gtempboxa=\box128
\lst@token=\toks50
\lst@length=\count388
\lst@currlwidth=\dimen330
\lst@column=\count389
\lst@pos=\count390
\lst@lostspace=\dimen331
\lst@width=\dimen332
\lst@newlines=\count391
\lst@lineno=\count392
\lst@maxwidth=\dimen333
(/usr/share/texlive/texmf-dist/tex/latex/listings/lstmisc.sty
File: lstmisc.sty 2019/09/10 1.8c (Carsten Heinz)
\c@lstnumber=\count393
\lst@skipnumbers=\count394
\lst@framebox=\box129
) (/usr/share/texlive/texmf-dist/tex/latex/listings/listings.cfg
File: listings.cfg 2019/09/10 1.8c listings configuration
))
Package: listings 2019/09/10 1.8c (Carsten Heinz)

Package listingsutf8 Warning: Package loading is aborted because of missing \pd
f@unescapehex.
(listingsutf8)                It is provided by pdfTeX >= 1.30.

) (/usr/share/texlive/texmf-dist/tex/latex/tcolorbox/tcblistings.code.tex
Library (tcolorbox): 'tcblistings.code.tex' version '4.22'
(/usr/share/texlive/texmf-dist/tex/latex/tcolorbox/tcblistingscore.code.tex
Library (tcolorbox): 'tcblistingscore.code.tex' version '4.22'
(/usr/share/texlive/texmf-dist/tex/latex/tcolorbox/tcbprocessing.code.tex
Library (tcolorbox): 'tcbprocessing.code.tex' version '4.22'
(/usr/share/texlive/texmf-dist/tex/latex/tools/shellesc.sty
Package: shellesc 2019/11/08 v1.0c unified shell escape interface for LaTeX
Package shellesc Info: Restricted shell escape enabled on input line 77.
))
\c@tcblisting=\count395
))) (/usr/share/texlive/texmf-dist/tex/latex/tcolorbox/tcbexternal.code.tex
Library (tcolorbox): 'tcbexternal.code.tex' version '4.22'
) (/usr/share/texlive/texmf-dist/tex/latex/tcolorbox/tcbmagazine.code.tex
Library (tcolorbox): 'tcbmagazine.code.tex' version '4.22'
) (/usr/share/texlive/texmf-dist/tex/latex/tcolorbox/tcbvignette.code.tex
Library (tcolorbox): 'tcbvignette.code.tex' version '4.22'

(/usr/share/texlive/texmf-dist/tex/generic/pgf/frontendlayer/tikz/libraries/tik
zlibraryfadings.code.tex
File: tikzlibraryfadings.code.tex 2020/01/08 v3.1.5b (3.1.5b)

(/usr/share/texlive/texmf-dist/tex/generic/pgf/libraries/pgflibraryfadings.code
.tex
File: pgflibraryfadings.code.tex 2020/01/08 v3.1.5b (3.1.5b)
))) (/usr/share/texlive/texmf-dist/tex/latex/tcolorbox/tcbposter.code.tex
Library (tcolorbox): 'tcbposter.code.tex' version '4.22'
)) (/usr/share/texlive/texmf-dist/tex/latex/fancyvrb/fancyvrb.sty
Package: fancyvrb 2020/01/13 v3.5 verbatim text (tvz,hv)
\FV@CodeLineNo=\count396
\FV@InFile=\read5
\FV@TabBox=\box130
\c@FancyVerbLine=\count397
\FV@StepNumber=\count398
\FV@OutFile=\write7
) (/usr/share/texlive/texmf-dist/tex/latex/framed/framed.sty
Package: framed 2011/10/22 v 0.96: framed or shaded text with page breaks
\OuterFrameSep=\skip275
\fb@frw=\dimen334
\fb@frh=\dimen335
)

******************************************************
Stock height and width: 534.9118pt by 731.23582pt
Top and edge trims: 0pt and 0pt
Page height and width: 534.9118pt by 731.23582pt
Text height and width: 514pt by 702pt
Spine and edge margins: 14.22636pt and 14.22636pt
Upper and lower margins: 14.22636pt and 6.68544pt
Headheight and headsep: 1.3811pt and 10pt
Footskip: 1.3811pt
Columnsep and columnseprule: 10pt and 0pt
Marginparsep and marginparwidth: 7pt and 1pt
Sidecapsep and sidecapwidth: 7pt and 71pt
Sidebarhsep and sidebarwidth: 7pt and 71pt
Sidebarvsep and sidebartopsep: 12pt and 0pt
Sidebarheight: 548.39996pt
Sidefoothsep and sidefootwidth: 7pt and 71pt
Sidefootvsep and sidefootheight: 12pt and 548.39996pt
******************************************************

Package hyperref Info: Option `colorlinks' set `true' on input line 73.
(/usr/share/texlive/texmf-dist/tex/latex/pgf/utilities/pgfpages.sty
Package: pgfpages 2011/01/05 ver 0.02
\pgf@logicalpages=\count399
\pgf@firstshipout=\count400
\pgf@lastshipout=\count401
\pgf@currentshipout=\count402
\pgf@cpn=\count403
\pgf@shipoutnextto=\count404
\pgfphysicalheight=\dimen336
\pgfphysicalwidth=\dimen337
\pgfpages@shipoutbox=\box131
)
\pgfpages@box@1=\box132
(./dragon_scroll.aux)
\openout1 = `dragon_scroll.aux'.

LaTeX Font Info:    Checking defaults for OML/cmm/m/it on input line 125.
LaTeX Font Info:    ... okay on input line 125.
LaTeX Font Info:    Checking defaults for OMS/cmsy/m/n on input line 125.
LaTeX Font Info:    ... okay on input line 125.
LaTeX Font Info:    Checking defaults for OT1/cmr/m/n on input line 125.
LaTeX Font Info:    ... okay on input line 125.
LaTeX Font Info:    Checking defaults for T1/cmr/m/n on input line 125.
LaTeX Font Info:    ... okay on input line 125.
LaTeX Font Info:    Checking defaults for TS1/cmr/m/n on input line 125.
LaTeX Font Info:    Trying to load font information for TS1+cmr on input line 1
25.
(/usr/share/texlive/texmf-dist/tex/latex/base/ts1cmr.fd
File: ts1cmr.fd 2019/12/16 v2.5j Standard LaTeX font definitions
)
LaTeX Font Info:    ... okay on input line 125.
LaTeX Font Info:    Checking defaults for TU/lmr/m/n on input line 125.
LaTeX Font Info:    ... okay on input line 125.
LaTeX Font Info:    Checking defaults for OMX/cmex/m/n on input line 125.
LaTeX Font Info:    ... okay on input line 125.
LaTeX Font Info:    Checking defaults for U/cmr/m/n on input line 125.
LaTeX Font Info:    ... okay on input line 125.
LaTeX Font Info:    Checking defaults for PD1/pdf/m/n on input line 125.
LaTeX Font Info:    ... okay on input line 125.
LaTeX Font Info:    Checking defaults for PU/pdf/m/n on input line 125.
LaTeX Font Info:    ... okay on input line 125.

Package fontspec Info: Adjusting the maths setup (use [no-math] to avoid
(fontspec)             this).

\symlegacymaths=\mathgroup6
LaTeX Font Info:    Overwriting symbol font `legacymaths' in version `bold'
(Font)                  OT1/cmr/m/n --> OT1/cmr/bx/n on input line 125.
LaTeX Font Info:    Redeclaring math accent \acute on input line 125.
LaTeX Font Info:    Redeclaring math accent \grave on input line 125.
LaTeX Font Info:    Redeclaring math accent \ddot on input line 125.
LaTeX Font Info:    Redeclaring math accent \tilde on input line 125.
LaTeX Font Info:    Redeclaring math accent \bar on input line 125.
LaTeX Font Info:    Redeclaring math accent \breve on input line 125.
LaTeX Font Info:    Redeclaring math accent \check on input line 125.
LaTeX Font Info:    Redeclaring math accent \hat on input line 125.
LaTeX Font Info:    Redeclaring math accent \dot on input line 125.
LaTeX Font Info:    Redeclaring math accent \mathring on input line 125.
LaTeX Font Info:    Redeclaring math symbol \Gamma on input line 125.
LaTeX Font Info:    Redeclaring math symbol \Delta on input line 125.
LaTeX Font Info:    Redeclaring math symbol \Theta on input line 125.
LaTeX Font Info:    Redeclaring math symbol \Lambda on input line 125.
LaTeX Font Info:    Redeclaring math symbol \Xi on input line 125.
LaTeX Font Info:    Redeclaring math symbol \Pi on input line 125.
LaTeX Font Info:    Redeclaring math symbol \Sigma on input line 125.
LaTeX Font Info:    Redeclaring math symbol \Upsilon on input line 125.
LaTeX Font Info:    Redeclaring math symbol \Phi on input line 125.
LaTeX Font Info:    Redeclaring math symbol \Psi on input line 125.
LaTeX Font Info:    Redeclaring math symbol \Omega on input line 125.
LaTeX Font Info:    Redeclaring math symbol \mathdollar on input line 125.
LaTeX Font Info:    Redeclaring symbol font `operators' on input line 125.
LaTeX Font Info:    Encoding `OT1' has changed to `TU' for symbol font
(Font)              `operators' in the math version `normal' on input line 125.

LaTeX Font Info:    Overwriting symbol font `operators' in version `normal'
(Font)                  OT1/cmr/m/n --> TU/lmr/m/n on input line 125.
LaTeX Font Info:    Encoding `OT1' has changed to `TU' for symbol font
(Font)              `operators' in the math version `bold' on input line 125.
LaTeX Font Info:    Overwriting symbol font `operators' in version `bold'
(Font)                  OT1/cmr/bx/n --> TU/lmr/m/n on input line 125.
LaTeX Font Info:    Overwriting symbol font `operators' in version `normal'
(Font)                  TU/lmr/m/n --> TU/lmr/m/n on input line 125.
LaTeX Font Info:    Overwriting math alphabet `\mathit' in version `normal'
(Font)                  OT1/cmr/m/it --> TU/lmr/m/it on input line 125.
LaTeX Font Info:    Overwriting math alphabet `\mathbf' in version `normal'
(Font)                  OT1/cmr/bx/n --> TU/lmr/b/n on input line 125.
LaTeX Font Info:    Overwriting math alphabet `\mathsf' in version `normal'
(Font)                  OT1/cmss/m/n --> TU/lmss/m/n on input line 125.
LaTeX Font Info:    Overwriting math alphabet `\mathtt' in version `normal'
(Font)                  OT1/cmtt/m/n --> TU/lmtt/m/n on input line 125.
LaTeX Font Info:    Overwriting symbol font `operators' in version `bold'
(Font)                  TU/lmr/m/n --> TU/lmr/b/n on input line 125.
LaTeX Font Info:    Overwriting math alphabet `\mathit' in version `bold'
(Font)                  OT1/cmr/bx/it --> TU/lmr/b/it on input line 125.
LaTeX Font Info:    Overwriting math alphabet `\mathsf' in version `bold'
(Font)                  OT1/cmss/bx/n --> TU/lmss/b/n on input line 125.
LaTeX Font Info:    Overwriting math alphabet `\mathtt' in version `bold'
(Font)                  OT1/cmtt/m/n --> TU/lmtt/b/n on input line 125.

Package fontspec Info: Font family 'UnBatang.ttf(0)' created for font
(fontspec)             'UnBatang.ttf' with options
(fontspec)             [Ligatures={TeX},BoldFont={UnBatangBold.ttf}].
(fontspec)              
(fontspec)              This font family consists of the following NFSS
(fontspec)             series/shapes:
(fontspec)              
(fontspec)             - 'normal' (m/n) with NFSS spec.:
(fontspec)             <->"[UnBatang.ttf]/OT:language=dflt;mapping=tex-text;"
(fontspec)             - 'small caps'  (m/sc) with NFSS spec.: 
(fontspec)             - 'bold' (b/n) with NFSS spec.:
(fontspec)             <->"[UnBatangBold.ttf]/OT:language=dflt;mapping=tex-text
;"
(fontspec)             - 'bold small caps'  (b/sc) with NFSS spec.: 


Package fontspec Info: Font family 'UnDotum.ttf(0)' created for font
(fontspec)             'UnDotum.ttf' with options
(fontspec)             [Ligatures={TeX},BoldFont={UnDotumBold.ttf}].
(fontspec)              
(fontspec)              This font family consists of the following NFSS
(fontspec)             series/shapes:
(fontspec)              
(fontspec)             - 'normal' (m/n) with NFSS spec.:
(fontspec)             <->"[UnDotum.ttf]/OT:language=dflt;mapping=tex-text;"
(fontspec)             - 'small caps'  (m/sc) with NFSS spec.: 
(fontspec)             - 'bold' (b/n) with NFSS spec.:
(fontspec)             <->"[UnDotumBold.ttf]/OT:language=dflt;mapping=tex-text;
"
(fontspec)             - 'bold small caps'  (b/sc) with NFSS spec.: 

\symmathhangul=\mathgroup7
LaTeX Font Info:    Overwriting symbol font `mathhangul' in version `bold'
(Font)                  TU/UnBatang.ttf(0)/m/up --> TU/UnBatang.ttf(0)/b/up on 
input line 125.
\AtBeginShipoutBox=\box133
Package hyperref Info: Link coloring ON on input line 125.
(/usr/share/texlive/texmf-dist/tex/latex/hyperref/nameref.sty
Package: nameref 2019/09/16 v2.46 Cross-referencing by name of section
(/usr/share/texlive/texmf-dist/tex/latex/refcount/refcount.sty
Package: refcount 2019/12/15 v3.6 Data extraction from label references (HO)
) (/usr/share/texlive/texmf-dist/tex/generic/gettitlestring/gettitlestring.sty
Package: gettitlestring 2019/12/15 v1.6 Cleanup title references (HO)
)
\c@section@level=\count405
)
Redoing nameref's sectioning
Redoing nameref's label
LaTeX Info: Redefining \nameref on input line 125.
LaTeX Info: Redefining \ref on input line 125.
LaTeX Info: Redefining \pageref on input line 125.
LaTeX Info: Redefining \nameref on input line 125.
(./dragon_scroll.out) (./dragon_scroll.out)
\@outlinefile=\write8
\openout8 = `dragon_scroll.out'.

ABD: EveryShipout initializing macros
\c@lstlisting=\count406
LaTeX Font Info:    Trying to load font information for U+msa on input line 127
.
(/usr/share/texlive/texmf-dist/tex/latex/amsfonts/umsa.fd
File: umsa.fd 2013/01/14 v3.01 AMS symbols A
)
LaTeX Font Info:    Trying to load font information for U+msb on input line 127
.
(/usr/share/texlive/texmf-dist/tex/latex/amsfonts/umsb.fd
File: umsb.fd 2013/01/14 v3.01 AMS symbols B
) (/usr/share/texlive/texmf-dist/tex/generic/stringenc/se-ascii-print.def
File: se-ascii-print.def 2019/11/29 v1.12 stringenc: Printable ASCII characters

)

LaTeX Font Warning: Font shape `TU/UnBatang.ttf(0)/m/it' undefined
(Font)              using `TU/UnBatang.ttf(0)/m/n' instead on input line 158.

LaTeX Font Info:    Font shape `TU/lmtt/bx/n' in size <7> not available
(Font)              Font shape `TU/lmtt/b/n' tried instead on input line 185.
File: dragon_scroll_files/figure-latex/unnamed-chunk-2-1.pdf Graphic file (type
 pdf)
<use dragon_scroll_files/figure-latex/unnamed-chunk-2-1.pdf>
File: dragon_scroll_files/figure-latex/unnamed-chunk-3-1.pdf Graphic file (type
 pdf)
<use dragon_scroll_files/figure-latex/unnamed-chunk-3-1.pdf>
File: ./resources/oogway.jpg Graphic file (type bmp)
<./resources/oogway.jpg>
File: ./resources/Partial.jpg Graphic file (type bmp)
<./resources/Partial.jpg>
[2

]
Package atveryend Info: Empty hook `BeforeClearDocument' on input line 299.
Package atveryend Info: Empty hook `AfterLastShipout' on input line 299.
(./dragon_scroll.aux)
Package atveryend Info: Empty hook `AtVeryEndDocument' on input line 299.
Package atveryend Info: Executing hook `AtEndAfterFileList' on input line 299.
Package rerunfilecheck Info: File `dragon_scroll.out' has not changed.
(rerunfilecheck)             Checksum: 07788894F37B95AE634996B96FEEE2D4;357.

LaTeX Font Warning: Some font shapes were not available, defaults substituted.

Package atveryend Info: Empty hook `AtVeryVeryEnd' on input line 299.
 ) 
Here is how much of TeX's memory you used:
 37010 strings out of 479819
 713496 string characters out of 5895846
 1118086 words of memory out of 5000000
 53508 multiletter control sequences out of 15000+600000
 534605 words of font info for 59 fonts, out of 8000000 for 9000
 1348 hyphenation exceptions out of 8191
 89i,13n,103p,963b,2560s stack positions out of 5000i,500n,10000p,200000b,80000s

Output written on dragon_scroll.pdf (1 page).
