2023-02-10 16:37:06,982:WARNING:
'cuml' is a soft dependency and not included in the pycaret installation. Please run: `pip install cuml` to install.
2023-02-10 16:37:06,982:WARNING:
'cuml' is a soft dependency and not included in the pycaret installation. Please run: `pip install cuml` to install.
2023-02-10 16:37:06,982:WARNING:
'cuml' is a soft dependency and not included in the pycaret installation. Please run: `pip install cuml` to install.
2023-02-10 16:37:06,982:WARNING:
'cuml' is a soft dependency and not included in the pycaret installation. Please run: `pip install cuml` to install.
2023-02-10 16:37:08,444:WARNING:
'prophet' is a soft dependency and not included in the pycaret installation. Please run: `pip install prophet` to install.
2023-02-10 16:37:08,964:INFO:PyCaret RegressionExperiment
2023-02-10 16:37:08,964:INFO:Logging name: reg-default-name
2023-02-10 16:37:08,964:INFO:ML Usecase: MLUsecase.REGRESSION
2023-02-10 16:37:08,964:INFO:version 3.0.0.rc9
2023-02-10 16:37:08,964:INFO:Initializing setup()
2023-02-10 16:37:08,964:INFO:self.USI: 4df7
2023-02-10 16:37:08,964:INFO:self._variable_keys: {'y_test', 'fold_generator', 'y', 'X_test', 'fold_groups_param', 'y_train', 'data', 'fold_shuffle_param', 'seed', 'X_train', 'idx', 'X', 'n_jobs_param', 'memory', 'gpu_n_jobs_param', 'log_plots_param', 'exp_id', 'gpu_param', 'exp_name_log', 'transform_target_param', '_ml_usecase', 'target_param', '_available_plots', 'USI', 'pipeline', 'logging_param', 'html_param'}
2023-02-10 16:37:08,964:INFO:Checking environment
2023-02-10 16:37:08,964:INFO:python_version: 3.10.6
2023-02-10 16:37:08,964:INFO:python_build: ('main', 'Nov 14 2022 16:10:14')
2023-02-10 16:37:08,964:INFO:machine: x86_64
2023-02-10 16:37:08,964:INFO:platform: Linux-5.4.0-1100-azure-x86_64-with-glibc2.35
2023-02-10 16:37:08,965:INFO:Memory: svmem(total=4123176960, available=2250080256, percent=45.4, used=1572990976, free=129163264, active=1953181696, inactive=1733988352, buffers=144900096, cached=2276122624, shared=884736, slab=232083456)
2023-02-10 16:37:08,965:INFO:Physical Core: 1
2023-02-10 16:37:08,965:INFO:Logical Core: 2
2023-02-10 16:37:08,965:INFO:Checking libraries
2023-02-10 16:37:08,965:INFO:System:
2023-02-10 16:37:08,965:INFO:    python: 3.10.6 (main, Nov 14 2022, 16:10:14) [GCC 11.3.0]
2023-02-10 16:37:08,965:INFO:executable: /usr/bin/python3
2023-02-10 16:37:08,965:INFO:   machine: Linux-5.4.0-1100-azure-x86_64-with-glibc2.35
2023-02-10 16:37:08,965:INFO:PyCaret required dependencies:
2023-02-10 16:37:08,966:INFO:                 pip: 22.0.2
2023-02-10 16:37:08,966:INFO:          setuptools: 59.6.0
2023-02-10 16:37:08,966:INFO:             pycaret: 3.0.0rc9
2023-02-10 16:37:08,966:INFO:             IPython: 8.8.0
2023-02-10 16:37:08,966:INFO:          ipywidgets: 8.0.4
2023-02-10 16:37:08,966:INFO:                tqdm: 4.64.1
2023-02-10 16:37:08,966:INFO:               numpy: 1.24.1
2023-02-10 16:37:08,966:INFO:              pandas: 1.5.2
2023-02-10 16:37:08,966:INFO:              jinja2: 3.1.2
2023-02-10 16:37:08,966:INFO:               scipy: 1.10.0
2023-02-10 16:37:08,966:INFO:              joblib: 1.2.0
2023-02-10 16:37:08,966:INFO:             sklearn: 1.2.0
2023-02-10 16:37:08,966:INFO:                pyod: 1.0.7
2023-02-10 16:37:08,966:INFO:            imblearn: 0.10.1
2023-02-10 16:37:08,966:INFO:   category_encoders: 2.6.0
2023-02-10 16:37:08,966:INFO:            lightgbm: 3.3.5
2023-02-10 16:37:08,966:INFO:               numba: 0.56.4
2023-02-10 16:37:08,966:INFO:            requests: 2.28.1
2023-02-10 16:37:08,966:INFO:          matplotlib: 3.6.2
2023-02-10 16:37:08,966:INFO:          scikitplot: 0.3.7
2023-02-10 16:37:08,966:INFO:         yellowbrick: 1.5
2023-02-10 16:37:08,966:INFO:              plotly: 5.11.0
2023-02-10 16:37:08,966:INFO:             kaleido: 0.2.1
2023-02-10 16:37:08,966:INFO:         statsmodels: 0.13.5
2023-02-10 16:37:08,966:INFO:              sktime: 0.16.0
2023-02-10 16:37:08,966:INFO:               tbats: 1.1.2
2023-02-10 16:37:08,966:INFO:            pmdarima: 2.0.2
2023-02-10 16:37:08,966:INFO:              psutil: 5.9.4
2023-02-10 16:37:08,966:INFO:PyCaret optional dependencies:
2023-02-10 16:37:08,969:INFO:                shap: Not installed
2023-02-10 16:37:08,969:INFO:           interpret: Not installed
2023-02-10 16:37:08,969:INFO:                umap: Not installed
2023-02-10 16:37:08,969:INFO:    pandas_profiling: Not installed
2023-02-10 16:37:08,969:INFO:  explainerdashboard: Not installed
2023-02-10 16:37:08,969:INFO:             autoviz: Not installed
2023-02-10 16:37:08,969:INFO:           fairlearn: Not installed
2023-02-10 16:37:08,969:INFO:             xgboost: Not installed
2023-02-10 16:37:08,969:INFO:            catboost: Not installed
2023-02-10 16:37:08,969:INFO:              kmodes: Not installed
2023-02-10 16:37:08,969:INFO:             mlxtend: Not installed
2023-02-10 16:37:08,969:INFO:       statsforecast: Not installed
2023-02-10 16:37:08,969:INFO:        tune_sklearn: Not installed
2023-02-10 16:37:08,969:INFO:                 ray: Not installed
2023-02-10 16:37:08,970:INFO:            hyperopt: Not installed
2023-02-10 16:37:08,970:INFO:              optuna: Not installed
2023-02-10 16:37:08,970:INFO:               skopt: Not installed
2023-02-10 16:37:08,970:INFO:              mlflow: Not installed
2023-02-10 16:37:08,970:INFO:              gradio: Not installed
2023-02-10 16:37:08,970:INFO:             fastapi: Not installed
2023-02-10 16:37:08,970:INFO:             uvicorn: Not installed
2023-02-10 16:37:08,970:INFO:              m2cgen: Not installed
2023-02-10 16:37:08,970:INFO:           evidently: Not installed
2023-02-10 16:37:08,970:INFO:               fugue: Not installed
2023-02-10 16:37:08,970:INFO:           streamlit: Not installed
2023-02-10 16:37:08,970:INFO:             prophet: Not installed
2023-02-10 16:37:08,970:INFO:None
2023-02-10 16:37:08,970:INFO:Set up data.
2023-02-10 16:37:08,979:INFO:Set up train/test split.
2023-02-10 16:37:08,983:INFO:Set up index.
2023-02-10 16:37:08,983:INFO:Set up folding strategy.
2023-02-10 16:37:08,983:INFO:Assigning column types.
2023-02-10 16:37:08,986:INFO:Engine successfully changes for model 'lr' to 'sklearn'.
2023-02-10 16:37:08,987:INFO:Engine for model 'lasso' has not been set explicitly, hence returning None.
2023-02-10 16:37:08,991:INFO:Engine for model 'ridge' has not been set explicitly, hence returning None.
2023-02-10 16:37:08,994:INFO:Engine for model 'en' has not been set explicitly, hence returning None.
2023-02-10 16:37:09,045:INFO:Engine for model 'svm' has not been set explicitly, hence returning None.
2023-02-10 16:37:09,083:INFO:Engine for model 'knn' has not been set explicitly, hence returning None.
2023-02-10 16:37:09,084:WARNING:
'xgboost' is a soft dependency and not included in the pycaret installation. Please run: `pip install xgboost` to install.
Alternately, you can install this by running `pip install pycaret[models]`
2023-02-10 16:37:09,114:WARNING:
'catboost' is a soft dependency and not included in the pycaret installation. Please run: `pip install catboost` to install.
Alternately, you can install this by running `pip install pycaret[models]`
2023-02-10 16:37:09,115:INFO:Engine for model 'lasso' has not been set explicitly, hence returning None.
2023-02-10 16:37:09,120:INFO:Engine for model 'ridge' has not been set explicitly, hence returning None.
2023-02-10 16:37:09,123:INFO:Engine for model 'en' has not been set explicitly, hence returning None.
2023-02-10 16:37:09,173:INFO:Engine for model 'svm' has not been set explicitly, hence returning None.
2023-02-10 16:37:09,211:INFO:Engine for model 'knn' has not been set explicitly, hence returning None.
2023-02-10 16:37:09,211:WARNING:
'xgboost' is a soft dependency and not included in the pycaret installation. Please run: `pip install xgboost` to install.
Alternately, you can install this by running `pip install pycaret[models]`
2023-02-10 16:37:09,211:WARNING:
'catboost' is a soft dependency and not included in the pycaret installation. Please run: `pip install catboost` to install.
Alternately, you can install this by running `pip install pycaret[models]`
2023-02-10 16:37:09,212:INFO:Engine successfully changes for model 'lasso' to 'sklearn'.
2023-02-10 16:37:09,216:INFO:Engine for model 'ridge' has not been set explicitly, hence returning None.
2023-02-10 16:37:09,220:INFO:Engine for model 'en' has not been set explicitly, hence returning None.
2023-02-10 16:37:09,270:INFO:Engine for model 'svm' has not been set explicitly, hence returning None.
2023-02-10 16:37:09,307:INFO:Engine for model 'knn' has not been set explicitly, hence returning None.
2023-02-10 16:37:09,308:WARNING:
'xgboost' is a soft dependency and not included in the pycaret installation. Please run: `pip install xgboost` to install.
Alternately, you can install this by running `pip install pycaret[models]`
2023-02-10 16:37:09,308:WARNING:
'catboost' is a soft dependency and not included in the pycaret installation. Please run: `pip install catboost` to install.
Alternately, you can install this by running `pip install pycaret[models]`
2023-02-10 16:37:09,312:INFO:Engine for model 'ridge' has not been set explicitly, hence returning None.
2023-02-10 16:37:09,316:INFO:Engine for model 'en' has not been set explicitly, hence returning None.
2023-02-10 16:37:09,365:INFO:Engine for model 'svm' has not been set explicitly, hence returning None.
2023-02-10 16:37:09,402:INFO:Engine for model 'knn' has not been set explicitly, hence returning None.
2023-02-10 16:37:09,402:WARNING:
'xgboost' is a soft dependency and not included in the pycaret installation. Please run: `pip install xgboost` to install.
Alternately, you can install this by running `pip install pycaret[models]`
2023-02-10 16:37:09,403:WARNING:
'catboost' is a soft dependency and not included in the pycaret installation. Please run: `pip install catboost` to install.
Alternately, you can install this by running `pip install pycaret[models]`
2023-02-10 16:37:09,403:INFO:Engine successfully changes for model 'ridge' to 'sklearn'.
2023-02-10 16:37:09,412:INFO:Engine for model 'en' has not been set explicitly, hence returning None.
2023-02-10 16:37:09,466:INFO:Engine for model 'svm' has not been set explicitly, hence returning None.
2023-02-10 16:37:09,503:INFO:Engine for model 'knn' has not been set explicitly, hence returning None.
2023-02-10 16:37:09,504:WARNING:
'xgboost' is a soft dependency and not included in the pycaret installation. Please run: `pip install xgboost` to install.
Alternately, you can install this by running `pip install pycaret[models]`
2023-02-10 16:37:09,504:WARNING:
'catboost' is a soft dependency and not included in the pycaret installation. Please run: `pip install catboost` to install.
Alternately, you can install this by running `pip install pycaret[models]`
2023-02-10 16:37:09,512:INFO:Engine for model 'en' has not been set explicitly, hence returning None.
2023-02-10 16:37:09,561:INFO:Engine for model 'svm' has not been set explicitly, hence returning None.
2023-02-10 16:37:09,598:INFO:Engine for model 'knn' has not been set explicitly, hence returning None.
2023-02-10 16:37:09,599:WARNING:
'xgboost' is a soft dependency and not included in the pycaret installation. Please run: `pip install xgboost` to install.
Alternately, you can install this by running `pip install pycaret[models]`
2023-02-10 16:37:09,599:WARNING:
'catboost' is a soft dependency and not included in the pycaret installation. Please run: `pip install catboost` to install.
Alternately, you can install this by running `pip install pycaret[models]`
2023-02-10 16:37:09,599:INFO:Engine successfully changes for model 'en' to 'sklearn'.
2023-02-10 16:37:09,656:INFO:Engine for model 'svm' has not been set explicitly, hence returning None.
2023-02-10 16:37:09,693:INFO:Engine for model 'knn' has not been set explicitly, hence returning None.
2023-02-10 16:37:09,694:WARNING:
'xgboost' is a soft dependency and not included in the pycaret installation. Please run: `pip install xgboost` to install.
Alternately, you can install this by running `pip install pycaret[models]`
2023-02-10 16:37:09,694:WARNING:
'catboost' is a soft dependency and not included in the pycaret installation. Please run: `pip install catboost` to install.
Alternately, you can install this by running `pip install pycaret[models]`
2023-02-10 16:37:09,752:INFO:Engine for model 'svm' has not been set explicitly, hence returning None.
2023-02-10 16:37:09,794:INFO:Engine for model 'knn' has not been set explicitly, hence returning None.
2023-02-10 16:37:09,795:WARNING:
'xgboost' is a soft dependency and not included in the pycaret installation. Please run: `pip install xgboost` to install.
Alternately, you can install this by running `pip install pycaret[models]`
2023-02-10 16:37:09,795:WARNING:
'catboost' is a soft dependency and not included in the pycaret installation. Please run: `pip install catboost` to install.
Alternately, you can install this by running `pip install pycaret[models]`
2023-02-10 16:37:09,795:INFO:Engine successfully changes for model 'knn' to 'sklearn'.
2023-02-10 16:37:09,853:INFO:Engine for model 'svm' has not been set explicitly, hence returning None.
2023-02-10 16:37:09,890:WARNING:
'xgboost' is a soft dependency and not included in the pycaret installation. Please run: `pip install xgboost` to install.
Alternately, you can install this by running `pip install pycaret[models]`
2023-02-10 16:37:09,891:WARNING:
'catboost' is a soft dependency and not included in the pycaret installation. Please run: `pip install catboost` to install.
Alternately, you can install this by running `pip install pycaret[models]`
2023-02-10 16:37:09,949:INFO:Engine for model 'svm' has not been set explicitly, hence returning None.
2023-02-10 16:37:09,986:WARNING:
'xgboost' is a soft dependency and not included in the pycaret installation. Please run: `pip install xgboost` to install.
Alternately, you can install this by running `pip install pycaret[models]`
2023-02-10 16:37:09,986:WARNING:
'catboost' is a soft dependency and not included in the pycaret installation. Please run: `pip install catboost` to install.
Alternately, you can install this by running `pip install pycaret[models]`
2023-02-10 16:37:09,987:INFO:Engine successfully changes for model 'svm' to 'sklearn'.
2023-02-10 16:37:10,082:WARNING:
'xgboost' is a soft dependency and not included in the pycaret installation. Please run: `pip install xgboost` to install.
Alternately, you can install this by running `pip install pycaret[models]`
2023-02-10 16:37:10,083:WARNING:
'catboost' is a soft dependency and not included in the pycaret installation. Please run: `pip install catboost` to install.
Alternately, you can install this by running `pip install pycaret[models]`
2023-02-10 16:37:10,179:WARNING:
'xgboost' is a soft dependency and not included in the pycaret installation. Please run: `pip install xgboost` to install.
Alternately, you can install this by running `pip install pycaret[models]`
2023-02-10 16:37:10,180:WARNING:
'catboost' is a soft dependency and not included in the pycaret installation. Please run: `pip install catboost` to install.
Alternately, you can install this by running `pip install pycaret[models]`
2023-02-10 16:37:10,181:INFO:Preparing preprocessing pipeline...
2023-02-10 16:37:10,182:INFO:Set up simple imputation.
2023-02-10 16:37:10,199:INFO:Finished creating preprocessing pipeline.
2023-02-10 16:37:10,203:INFO:Pipeline: Pipeline(memory=FastMemory(location=/tmp/joblib),
         steps=[('numerical_imputer',
                 TransformerWrapper(include=['longitude', 'latitude',
                                             'housing_median_age',
                                             'total_rooms', 'total_bedrooms',
                                             'population', 'households',
                                             'median_income'],
                                    transformer=SimpleImputer())),
                ('categorical_imputer',
                 TransformerWrapper(include=[],
                                    transformer=SimpleImputer(strategy='most_frequent')))])
2023-02-10 16:37:10,203:INFO:Creating final display dataframe.
2023-02-10 16:37:10,289:INFO:Setup _display_container:                     Description               Value
0                    Session id                8365
1                        Target  median_house_value
2                   Target type          Regression
3           Original data shape          (17000, 9)
4        Transformed data shape          (17000, 9)
5   Transformed train set shape          (11900, 9)
6    Transformed test set shape           (5100, 9)
7              Numeric features                   8
8                    Preprocess                True
9               Imputation type              simple
10           Numeric imputation                mean
11       Categorical imputation                mode
12               Fold Generator               KFold
13                  Fold Number                  10
14                     CPU Jobs                  -1
15                      Use GPU               False
16               Log Experiment               False
17              Experiment Name    reg-default-name
18                          USI                4df7
2023-02-10 16:37:10,392:WARNING:
'xgboost' is a soft dependency and not included in the pycaret installation. Please run: `pip install xgboost` to install.
Alternately, you can install this by running `pip install pycaret[models]`
2023-02-10 16:37:10,392:WARNING:
'catboost' is a soft dependency and not included in the pycaret installation. Please run: `pip install catboost` to install.
Alternately, you can install this by running `pip install pycaret[models]`
2023-02-10 16:37:10,486:WARNING:
'xgboost' is a soft dependency and not included in the pycaret installation. Please run: `pip install xgboost` to install.
Alternately, you can install this by running `pip install pycaret[models]`
2023-02-10 16:37:10,487:WARNING:
'catboost' is a soft dependency and not included in the pycaret installation. Please run: `pip install catboost` to install.
Alternately, you can install this by running `pip install pycaret[models]`
2023-02-10 16:37:10,487:INFO:setup() successfully completed in 1.52s...............
2023-02-10 16:37:10,493:INFO:Initializing compare_models()
2023-02-10 16:37:10,497:INFO:compare_models(self=<pycaret.regression.oop.RegressionExperiment object at 0x7f56511c8d90>, include=None, fold=None, round=4, cross_validation=True, sort=R2, n_select=1, budget_time=None, turbo=True, errors=ignore, fit_kwargs=None, groups=None, experiment_custom_tags=None, probability_threshold=None, verbose=True, parallel=None, caller_params={'self': <pycaret.regression.oop.RegressionExperiment object at 0x7f56511c8d90>, 'include': None, 'exclude': None, 'fold': None, 'round': 4, 'cross_validation': True, 'sort': 'R2', 'n_select': 1, 'budget_time': None, 'turbo': True, 'errors': 'ignore', 'fit_kwargs': None, 'groups': None, 'experiment_custom_tags': None, 'engine': None, 'verbose': True, 'parallel': None, '__class__': <class 'pycaret.regression.oop.RegressionExperiment'>}, exclude=None)
2023-02-10 16:37:10,497:INFO:Checking exceptions
2023-02-10 16:37:10,501:INFO:Preparing display monitor
2023-02-10 16:37:10,546:INFO:Initializing Linear Regression
2023-02-10 16:37:10,547:INFO:Total runtime is 2.6226043701171875e-06 minutes
2023-02-10 16:37:10,552:INFO:SubProcess create_model() called ==================================
2023-02-10 16:37:10,552:INFO:Initializing create_model()
2023-02-10 16:37:10,552:INFO:create_model(self=<pycaret.regression.oop.RegressionExperiment object at 0x7f56511c8d90>, estimator=lr, fold=KFold(n_splits=10, random_state=None, shuffle=False), round=4, cross_validation=True, predict=True, fit_kwargs={}, groups=None, refit=False, probability_threshold=None, experiment_custom_tags=None, verbose=False, system=False, add_to_model_list=True, metrics=None, display=<pycaret.internal.display.display.CommonDisplay object at 0x7f56130f7640>, model_only=True, return_train_score=False, kwargs={})
2023-02-10 16:37:10,552:INFO:Checking exceptions
2023-02-10 16:37:10,552:INFO:Importing libraries
2023-02-10 16:37:10,552:INFO:Copying training dataset
2023-02-10 16:37:10,562:INFO:Defining folds
2023-02-10 16:37:10,562:INFO:Declaring metric variables
2023-02-10 16:37:10,566:INFO:Importing untrained model
2023-02-10 16:37:10,570:INFO:Linear Regression Imported successfully
2023-02-10 16:37:10,576:INFO:Starting cross validation
2023-02-10 16:37:10,585:INFO:Cross validating with KFold(n_splits=10, random_state=None, shuffle=False), n_jobs=-1
2023-02-10 16:37:13,157:INFO:Calculating mean and std
2023-02-10 16:37:13,160:INFO:Creating metrics dataframe
2023-02-10 16:37:13,167:INFO:Uploading results into container
2023-02-10 16:37:13,168:INFO:Uploading model into container now
2023-02-10 16:37:13,168:INFO:_master_model_container: 1
2023-02-10 16:37:13,168:INFO:_display_container: 2
2023-02-10 16:37:13,169:INFO:LinearRegression(n_jobs=-1)
2023-02-10 16:37:13,169:INFO:create_model() successfully completed......................................
2023-02-10 16:37:13,278:INFO:SubProcess create_model() end ==================================
2023-02-10 16:37:13,279:INFO:Creating metrics dataframe
2023-02-10 16:37:13,288:INFO:Initializing Lasso Regression
2023-02-10 16:37:13,288:INFO:Total runtime is 0.04569031794865926 minutes
2023-02-10 16:37:13,292:INFO:SubProcess create_model() called ==================================
2023-02-10 16:37:13,293:INFO:Initializing create_model()
2023-02-10 16:37:13,293:INFO:create_model(self=<pycaret.regression.oop.RegressionExperiment object at 0x7f56511c8d90>, estimator=lasso, fold=KFold(n_splits=10, random_state=None, shuffle=False), round=4, cross_validation=True, predict=True, fit_kwargs={}, groups=None, refit=False, probability_threshold=None, experiment_custom_tags=None, verbose=False, system=False, add_to_model_list=True, metrics=None, display=<pycaret.internal.display.display.CommonDisplay object at 0x7f56130f7640>, model_only=True, return_train_score=False, kwargs={})
2023-02-10 16:37:13,293:INFO:Checking exceptions
2023-02-10 16:37:13,293:INFO:Importing libraries
2023-02-10 16:37:13,293:INFO:Copying training dataset
2023-02-10 16:37:13,301:INFO:Defining folds
2023-02-10 16:37:13,301:INFO:Declaring metric variables
2023-02-10 16:37:13,307:INFO:Importing untrained model
2023-02-10 16:37:13,312:INFO:Lasso Regression Imported successfully
2023-02-10 16:37:13,318:INFO:Starting cross validation
2023-02-10 16:37:13,320:INFO:Cross validating with KFold(n_splits=10, random_state=None, shuffle=False), n_jobs=-1
2023-02-10 16:37:13,423:WARNING:/usr/local/lib/python3.10/dist-packages/sklearn/linear_model/_coordinate_descent.py:634: ConvergenceWarning: Objective did not converge. You might want to increase the number of iterations, check the scale of the features or consider increasing regularisation. Duality gap: 1.223e+13, tolerance: 1.447e+10
  model = cd_fast.enet_coordinate_descent(

2023-02-10 16:37:13,439:WARNING:/usr/local/lib/python3.10/dist-packages/sklearn/linear_model/_coordinate_descent.py:634: ConvergenceWarning: Objective did not converge. You might want to increase the number of iterations, check the scale of the features or consider increasing regularisation. Duality gap: 7.114e+12, tolerance: 1.450e+10
  model = cd_fast.enet_coordinate_descent(

2023-02-10 16:37:13,544:WARNING:/usr/local/lib/python3.10/dist-packages/sklearn/linear_model/_coordinate_descent.py:634: ConvergenceWarning: Objective did not converge. You might want to increase the number of iterations, check the scale of the features or consider increasing regularisation. Duality gap: 2.195e+13, tolerance: 1.456e+10
  model = cd_fast.enet_coordinate_descent(

2023-02-10 16:37:13,661:WARNING:/usr/local/lib/python3.10/dist-packages/sklearn/linear_model/_coordinate_descent.py:634: ConvergenceWarning: Objective did not converge. You might want to increase the number of iterations, check the scale of the features or consider increasing regularisation. Duality gap: 1.103e+13, tolerance: 1.448e+10
  model = cd_fast.enet_coordinate_descent(

2023-02-10 16:37:13,680:WARNING:/usr/local/lib/python3.10/dist-packages/sklearn/linear_model/_coordinate_descent.py:634: ConvergenceWarning: Objective did not converge. You might want to increase the number of iterations, check the scale of the features or consider increasing regularisation. Duality gap: 1.118e+13, tolerance: 1.446e+10
  model = cd_fast.enet_coordinate_descent(

2023-02-10 16:37:13,784:WARNING:/usr/local/lib/python3.10/dist-packages/sklearn/linear_model/_coordinate_descent.py:634: ConvergenceWarning: Objective did not converge. You might want to increase the number of iterations, check the scale of the features or consider increasing regularisation. Duality gap: 1.731e+13, tolerance: 1.444e+10
  model = cd_fast.enet_coordinate_descent(

2023-02-10 16:37:13,880:WARNING:/usr/local/lib/python3.10/dist-packages/sklearn/linear_model/_coordinate_descent.py:634: ConvergenceWarning: Objective did not converge. You might want to increase the number of iterations, check the scale of the features or consider increasing regularisation. Duality gap: 1.359e+13, tolerance: 1.454e+10
  model = cd_fast.enet_coordinate_descent(

2023-02-10 16:37:13,902:WARNING:/usr/local/lib/python3.10/dist-packages/sklearn/linear_model/_coordinate_descent.py:634: ConvergenceWarning: Objective did not converge. You might want to increase the number of iterations, check the scale of the features or consider increasing regularisation. Duality gap: 1.370e+13, tolerance: 1.454e+10
  model = cd_fast.enet_coordinate_descent(

2023-02-10 16:37:13,915:INFO:Calculating mean and std
2023-02-10 16:37:13,916:INFO:Creating metrics dataframe
2023-02-10 16:37:13,920:INFO:Uploading results into container
2023-02-10 16:37:13,920:INFO:Uploading model into container now
2023-02-10 16:37:13,923:INFO:_master_model_container: 2
2023-02-10 16:37:13,923:INFO:_display_container: 2
2023-02-10 16:37:13,923:INFO:Lasso(random_state=8365)
2023-02-10 16:37:13,923:INFO:create_model() successfully completed......................................
2023-02-10 16:37:14,021:INFO:SubProcess create_model() end ==================================
2023-02-10 16:37:14,022:INFO:Creating metrics dataframe
2023-02-10 16:37:14,033:INFO:Initializing Ridge Regression
2023-02-10 16:37:14,033:INFO:Total runtime is 0.058108635743459064 minutes
2023-02-10 16:37:14,037:INFO:SubProcess create_model() called ==================================
2023-02-10 16:37:14,037:INFO:Initializing create_model()
2023-02-10 16:37:14,038:INFO:create_model(self=<pycaret.regression.oop.RegressionExperiment object at 0x7f56511c8d90>, estimator=ridge, fold=KFold(n_splits=10, random_state=None, shuffle=False), round=4, cross_validation=True, predict=True, fit_kwargs={}, groups=None, refit=False, probability_threshold=None, experiment_custom_tags=None, verbose=False, system=False, add_to_model_list=True, metrics=None, display=<pycaret.internal.display.display.CommonDisplay object at 0x7f56130f7640>, model_only=True, return_train_score=False, kwargs={})
2023-02-10 16:37:14,038:INFO:Checking exceptions
2023-02-10 16:37:14,038:INFO:Importing libraries
2023-02-10 16:37:14,038:INFO:Copying training dataset
2023-02-10 16:37:14,044:INFO:Defining folds
2023-02-10 16:37:14,045:INFO:Declaring metric variables
2023-02-10 16:37:14,049:INFO:Importing untrained model
2023-02-10 16:37:14,054:INFO:Ridge Regression Imported successfully
2023-02-10 16:37:14,061:INFO:Starting cross validation
2023-02-10 16:37:14,062:INFO:Cross validating with KFold(n_splits=10, random_state=None, shuffle=False), n_jobs=-1
2023-02-10 16:37:14,146:WARNING:/usr/local/lib/python3.10/dist-packages/sklearn/linear_model/_ridge.py:216: LinAlgWarning: Ill-conditioned matrix (rcond=2.56792e-08): result may not be accurate.
  return linalg.solve(A, Xy, assume_a="pos", overwrite_a=True).T

2023-02-10 16:37:14,146:WARNING:/usr/local/lib/python3.10/dist-packages/sklearn/linear_model/_ridge.py:216: LinAlgWarning: Ill-conditioned matrix (rcond=2.61819e-08): result may not be accurate.
  return linalg.solve(A, Xy, assume_a="pos", overwrite_a=True).T

2023-02-10 16:37:14,204:WARNING:/usr/local/lib/python3.10/dist-packages/sklearn/linear_model/_ridge.py:216: LinAlgWarning: Ill-conditioned matrix (rcond=2.64464e-08): result may not be accurate.
  return linalg.solve(A, Xy, assume_a="pos", overwrite_a=True).T

2023-02-10 16:37:14,208:WARNING:/usr/local/lib/python3.10/dist-packages/sklearn/linear_model/_ridge.py:216: LinAlgWarning: Ill-conditioned matrix (rcond=2.62308e-08): result may not be accurate.
  return linalg.solve(A, Xy, assume_a="pos", overwrite_a=True).T

2023-02-10 16:37:14,261:WARNING:/usr/local/lib/python3.10/dist-packages/sklearn/linear_model/_ridge.py:216: LinAlgWarning: Ill-conditioned matrix (rcond=2.62711e-08): result may not be accurate.
  return linalg.solve(A, Xy, assume_a="pos", overwrite_a=True).T

2023-02-10 16:37:14,268:WARNING:/usr/local/lib/python3.10/dist-packages/sklearn/linear_model/_ridge.py:216: LinAlgWarning: Ill-conditioned matrix (rcond=2.72868e-08): result may not be accurate.
  return linalg.solve(A, Xy, assume_a="pos", overwrite_a=True).T

2023-02-10 16:37:14,303:WARNING:/usr/local/lib/python3.10/dist-packages/sklearn/linear_model/_ridge.py:216: LinAlgWarning: Ill-conditioned matrix (rcond=2.67833e-08): result may not be accurate.
  return linalg.solve(A, Xy, assume_a="pos", overwrite_a=True).T

2023-02-10 16:37:14,311:WARNING:/usr/local/lib/python3.10/dist-packages/sklearn/linear_model/_ridge.py:216: LinAlgWarning: Ill-conditioned matrix (rcond=2.66049e-08): result may not be accurate.
  return linalg.solve(A, Xy, assume_a="pos", overwrite_a=True).T

2023-02-10 16:37:14,352:WARNING:/usr/local/lib/python3.10/dist-packages/sklearn/linear_model/_ridge.py:216: LinAlgWarning: Ill-conditioned matrix (rcond=2.64603e-08): result may not be accurate.
  return linalg.solve(A, Xy, assume_a="pos", overwrite_a=True).T

2023-02-10 16:37:14,360:WARNING:/usr/local/lib/python3.10/dist-packages/sklearn/linear_model/_ridge.py:216: LinAlgWarning: Ill-conditioned matrix (rcond=2.65992e-08): result may not be accurate.
  return linalg.solve(A, Xy, assume_a="pos", overwrite_a=True).T

2023-02-10 16:37:14,375:INFO:Calculating mean and std
2023-02-10 16:37:14,376:INFO:Creating metrics dataframe
2023-02-10 16:37:14,380:INFO:Uploading results into container
2023-02-10 16:37:14,381:INFO:Uploading model into container now
2023-02-10 16:37:14,383:INFO:_master_model_container: 3
2023-02-10 16:37:14,383:INFO:_display_container: 2
2023-02-10 16:37:14,384:INFO:Ridge(random_state=8365)
2023-02-10 16:37:14,384:INFO:create_model() successfully completed......................................
2023-02-10 16:37:14,480:INFO:SubProcess create_model() end ==================================
2023-02-10 16:37:14,480:INFO:Creating metrics dataframe
2023-02-10 16:37:14,491:INFO:Initializing Elastic Net
2023-02-10 16:37:14,492:INFO:Total runtime is 0.06575359106063842 minutes
2023-02-10 16:37:14,496:INFO:SubProcess create_model() called ==================================
2023-02-10 16:37:14,496:INFO:Initializing create_model()
2023-02-10 16:37:14,496:INFO:create_model(self=<pycaret.regression.oop.RegressionExperiment object at 0x7f56511c8d90>, estimator=en, fold=KFold(n_splits=10, random_state=None, shuffle=False), round=4, cross_validation=True, predict=True, fit_kwargs={}, groups=None, refit=False, probability_threshold=None, experiment_custom_tags=None, verbose=False, system=False, add_to_model_list=True, metrics=None, display=<pycaret.internal.display.display.CommonDisplay object at 0x7f56130f7640>, model_only=True, return_train_score=False, kwargs={})
2023-02-10 16:37:14,496:INFO:Checking exceptions
2023-02-10 16:37:14,496:INFO:Importing libraries
2023-02-10 16:37:14,497:INFO:Copying training dataset
2023-02-10 16:37:14,504:INFO:Defining folds
2023-02-10 16:37:14,504:INFO:Declaring metric variables
2023-02-10 16:37:14,508:INFO:Importing untrained model
2023-02-10 16:37:14,513:INFO:Elastic Net Imported successfully
2023-02-10 16:37:14,520:INFO:Starting cross validation
2023-02-10 16:37:14,522:INFO:Cross validating with KFold(n_splits=10, random_state=None, shuffle=False), n_jobs=-1
2023-02-10 16:37:14,624:WARNING:/usr/local/lib/python3.10/dist-packages/sklearn/linear_model/_coordinate_descent.py:634: ConvergenceWarning: Objective did not converge. You might want to increase the number of iterations, check the scale of the features or consider increasing regularisation. Duality gap: 2.958e+13, tolerance: 1.447e+10
  model = cd_fast.enet_coordinate_descent(

2023-02-10 16:37:14,643:WARNING:/usr/local/lib/python3.10/dist-packages/sklearn/linear_model/_coordinate_descent.py:634: ConvergenceWarning: Objective did not converge. You might want to increase the number of iterations, check the scale of the features or consider increasing regularisation. Duality gap: 2.365e+13, tolerance: 1.450e+10
  model = cd_fast.enet_coordinate_descent(

2023-02-10 16:37:14,754:WARNING:/usr/local/lib/python3.10/dist-packages/sklearn/linear_model/_coordinate_descent.py:634: ConvergenceWarning: Objective did not converge. You might want to increase the number of iterations, check the scale of the features or consider increasing regularisation. Duality gap: 3.085e+13, tolerance: 1.456e+10
  model = cd_fast.enet_coordinate_descent(

2023-02-10 16:37:14,880:WARNING:/usr/local/lib/python3.10/dist-packages/sklearn/linear_model/_coordinate_descent.py:634: ConvergenceWarning: Objective did not converge. You might want to increase the number of iterations, check the scale of the features or consider increasing regularisation. Duality gap: 1.296e+13, tolerance: 1.448e+10
  model = cd_fast.enet_coordinate_descent(

2023-02-10 16:37:14,894:WARNING:/usr/local/lib/python3.10/dist-packages/sklearn/linear_model/_coordinate_descent.py:634: ConvergenceWarning: Objective did not converge. You might want to increase the number of iterations, check the scale of the features or consider increasing regularisation. Duality gap: 2.382e+13, tolerance: 1.446e+10
  model = cd_fast.enet_coordinate_descent(

2023-02-10 16:37:14,998:WARNING:/usr/local/lib/python3.10/dist-packages/sklearn/linear_model/_coordinate_descent.py:634: ConvergenceWarning: Objective did not converge. You might want to increase the number of iterations, check the scale of the features or consider increasing regularisation. Duality gap: 2.537e+13, tolerance: 1.452e+10
  model = cd_fast.enet_coordinate_descent(

2023-02-10 16:37:15,012:WARNING:/usr/local/lib/python3.10/dist-packages/sklearn/linear_model/_coordinate_descent.py:634: ConvergenceWarning: Objective did not converge. You might want to increase the number of iterations, check the scale of the features or consider increasing regularisation. Duality gap: 2.716e+13, tolerance: 1.444e+10
  model = cd_fast.enet_coordinate_descent(

2023-02-10 16:37:15,117:WARNING:/usr/local/lib/python3.10/dist-packages/sklearn/linear_model/_coordinate_descent.py:634: ConvergenceWarning: Objective did not converge. You might want to increase the number of iterations, check the scale of the features or consider increasing regularisation. Duality gap: 2.153e+13, tolerance: 1.454e+10
  model = cd_fast.enet_coordinate_descent(

2023-02-10 16:37:15,146:WARNING:/usr/local/lib/python3.10/dist-packages/sklearn/linear_model/_coordinate_descent.py:634: ConvergenceWarning: Objective did not converge. You might want to increase the number of iterations, check the scale of the features or consider increasing regularisation. Duality gap: 2.340e+13, tolerance: 1.454e+10
  model = cd_fast.enet_coordinate_descent(

2023-02-10 16:37:15,158:INFO:Calculating mean and std
2023-02-10 16:37:15,159:INFO:Creating metrics dataframe
2023-02-10 16:37:15,164:INFO:Uploading results into container
2023-02-10 16:37:15,164:INFO:Uploading model into container now
2023-02-10 16:37:15,165:INFO:_master_model_container: 4
2023-02-10 16:37:15,165:INFO:_display_container: 2
2023-02-10 16:37:15,165:INFO:ElasticNet(random_state=8365)
2023-02-10 16:37:15,166:INFO:create_model() successfully completed......................................
2023-02-10 16:37:15,260:INFO:SubProcess create_model() end ==================================
2023-02-10 16:37:15,261:INFO:Creating metrics dataframe
2023-02-10 16:37:15,274:INFO:Initializing Least Angle Regression
2023-02-10 16:37:15,274:INFO:Total runtime is 0.07879425287246704 minutes
2023-02-10 16:37:15,277:INFO:SubProcess create_model() called ==================================
2023-02-10 16:37:15,278:INFO:Initializing create_model()
2023-02-10 16:37:15,278:INFO:create_model(self=<pycaret.regression.oop.RegressionExperiment object at 0x7f56511c8d90>, estimator=lar, fold=KFold(n_splits=10, random_state=None, shuffle=False), round=4, cross_validation=True, predict=True, fit_kwargs={}, groups=None, refit=False, probability_threshold=None, experiment_custom_tags=None, verbose=False, system=False, add_to_model_list=True, metrics=None, display=<pycaret.internal.display.display.CommonDisplay object at 0x7f56130f7640>, model_only=True, return_train_score=False, kwargs={})
2023-02-10 16:37:15,278:INFO:Checking exceptions
2023-02-10 16:37:15,278:INFO:Importing libraries
2023-02-10 16:37:15,278:INFO:Copying training dataset
2023-02-10 16:37:15,286:INFO:Defining folds
2023-02-10 16:37:15,286:INFO:Declaring metric variables
2023-02-10 16:37:15,289:INFO:Importing untrained model
2023-02-10 16:37:15,294:INFO:Least Angle Regression Imported successfully
2023-02-10 16:37:15,302:INFO:Starting cross validation
2023-02-10 16:37:15,303:INFO:Cross validating with KFold(n_splits=10, random_state=None, shuffle=False), n_jobs=-1
2023-02-10 16:37:15,600:INFO:Calculating mean and std
2023-02-10 16:37:15,601:INFO:Creating metrics dataframe
2023-02-10 16:37:15,605:INFO:Uploading results into container
2023-02-10 16:37:15,606:INFO:Uploading model into container now
2023-02-10 16:37:15,606:INFO:_master_model_container: 5
2023-02-10 16:37:15,606:INFO:_display_container: 2
2023-02-10 16:37:15,607:INFO:Lars(random_state=8365)
2023-02-10 16:37:15,607:INFO:create_model() successfully completed......................................
2023-02-10 16:37:15,697:INFO:SubProcess create_model() end ==================================
2023-02-10 16:37:15,698:INFO:Creating metrics dataframe
2023-02-10 16:37:15,711:INFO:Initializing Lasso Least Angle Regression
2023-02-10 16:37:15,712:INFO:Total runtime is 0.08608792622884115 minutes
2023-02-10 16:37:15,716:INFO:SubProcess create_model() called ==================================
2023-02-10 16:37:15,716:INFO:Initializing create_model()
2023-02-10 16:37:15,716:INFO:create_model(self=<pycaret.regression.oop.RegressionExperiment object at 0x7f56511c8d90>, estimator=llar, fold=KFold(n_splits=10, random_state=None, shuffle=False), round=4, cross_validation=True, predict=True, fit_kwargs={}, groups=None, refit=False, probability_threshold=None, experiment_custom_tags=None, verbose=False, system=False, add_to_model_list=True, metrics=None, display=<pycaret.internal.display.display.CommonDisplay object at 0x7f56130f7640>, model_only=True, return_train_score=False, kwargs={})
2023-02-10 16:37:15,717:INFO:Checking exceptions
2023-02-10 16:37:15,717:INFO:Importing libraries
2023-02-10 16:37:15,717:INFO:Copying training dataset
2023-02-10 16:37:15,724:INFO:Defining folds
2023-02-10 16:37:15,724:INFO:Declaring metric variables
2023-02-10 16:37:15,728:INFO:Importing untrained model
2023-02-10 16:37:15,733:INFO:Lasso Least Angle Regression Imported successfully
2023-02-10 16:37:15,740:INFO:Starting cross validation
2023-02-10 16:37:15,741:INFO:Cross validating with KFold(n_splits=10, random_state=None, shuffle=False), n_jobs=-1
2023-02-10 16:37:16,074:INFO:Calculating mean and std
2023-02-10 16:37:16,076:INFO:Creating metrics dataframe
2023-02-10 16:37:16,080:INFO:Uploading results into container
2023-02-10 16:37:16,080:INFO:Uploading model into container now
2023-02-10 16:37:16,083:INFO:_master_model_container: 6
2023-02-10 16:37:16,083:INFO:_display_container: 2
2023-02-10 16:37:16,083:INFO:LassoLars(random_state=8365)
2023-02-10 16:37:16,083:INFO:create_model() successfully completed......................................
2023-02-10 16:37:16,181:INFO:SubProcess create_model() end ==================================
2023-02-10 16:37:16,183:INFO:Creating metrics dataframe
2023-02-10 16:37:16,193:INFO:Initializing Orthogonal Matching Pursuit
2023-02-10 16:37:16,193:INFO:Total runtime is 0.09410918951034547 minutes
2023-02-10 16:37:16,198:INFO:SubProcess create_model() called ==================================
2023-02-10 16:37:16,198:INFO:Initializing create_model()
2023-02-10 16:37:16,198:INFO:create_model(self=<pycaret.regression.oop.RegressionExperiment object at 0x7f56511c8d90>, estimator=omp, fold=KFold(n_splits=10, random_state=None, shuffle=False), round=4, cross_validation=True, predict=True, fit_kwargs={}, groups=None, refit=False, probability_threshold=None, experiment_custom_tags=None, verbose=False, system=False, add_to_model_list=True, metrics=None, display=<pycaret.internal.display.display.CommonDisplay object at 0x7f56130f7640>, model_only=True, return_train_score=False, kwargs={})
2023-02-10 16:37:16,198:INFO:Checking exceptions
2023-02-10 16:37:16,198:INFO:Importing libraries
2023-02-10 16:37:16,198:INFO:Copying training dataset
2023-02-10 16:37:16,205:INFO:Defining folds
2023-02-10 16:37:16,205:INFO:Declaring metric variables
2023-02-10 16:37:16,210:INFO:Importing untrained model
2023-02-10 16:37:16,214:INFO:Orthogonal Matching Pursuit Imported successfully
2023-02-10 16:37:16,221:INFO:Starting cross validation
2023-02-10 16:37:16,223:INFO:Cross validating with KFold(n_splits=10, random_state=None, shuffle=False), n_jobs=-1
2023-02-10 16:37:16,501:INFO:Calculating mean and std
2023-02-10 16:37:16,502:INFO:Creating metrics dataframe
2023-02-10 16:37:16,506:INFO:Uploading results into container
2023-02-10 16:37:16,507:INFO:Uploading model into container now
2023-02-10 16:37:16,508:INFO:_master_model_container: 7
2023-02-10 16:37:16,508:INFO:_display_container: 2
2023-02-10 16:37:16,508:INFO:OrthogonalMatchingPursuit()
2023-02-10 16:37:16,508:INFO:create_model() successfully completed......................................
2023-02-10 16:37:16,601:INFO:SubProcess create_model() end ==================================
2023-02-10 16:37:16,602:INFO:Creating metrics dataframe
2023-02-10 16:37:16,614:INFO:Initializing Bayesian Ridge
2023-02-10 16:37:16,614:INFO:Total runtime is 0.1011282801628113 minutes
2023-02-10 16:37:16,618:INFO:SubProcess create_model() called ==================================
2023-02-10 16:37:16,619:INFO:Initializing create_model()
2023-02-10 16:37:16,619:INFO:create_model(self=<pycaret.regression.oop.RegressionExperiment object at 0x7f56511c8d90>, estimator=br, fold=KFold(n_splits=10, random_state=None, shuffle=False), round=4, cross_validation=True, predict=True, fit_kwargs={}, groups=None, refit=False, probability_threshold=None, experiment_custom_tags=None, verbose=False, system=False, add_to_model_list=True, metrics=None, display=<pycaret.internal.display.display.CommonDisplay object at 0x7f56130f7640>, model_only=True, return_train_score=False, kwargs={})
2023-02-10 16:37:16,619:INFO:Checking exceptions
2023-02-10 16:37:16,619:INFO:Importing libraries
2023-02-10 16:37:16,619:INFO:Copying training dataset
2023-02-10 16:37:16,626:INFO:Defining folds
2023-02-10 16:37:16,626:INFO:Declaring metric variables
2023-02-10 16:37:16,630:INFO:Importing untrained model
2023-02-10 16:37:16,635:INFO:Bayesian Ridge Imported successfully
2023-02-10 16:37:16,642:INFO:Starting cross validation
2023-02-10 16:37:16,643:INFO:Cross validating with KFold(n_splits=10, random_state=None, shuffle=False), n_jobs=-1
2023-02-10 16:37:16,948:INFO:Calculating mean and std
2023-02-10 16:37:16,949:INFO:Creating metrics dataframe
2023-02-10 16:37:16,953:INFO:Uploading results into container
2023-02-10 16:37:16,953:INFO:Uploading model into container now
2023-02-10 16:37:16,954:INFO:_master_model_container: 8
2023-02-10 16:37:16,954:INFO:_display_container: 2
2023-02-10 16:37:16,954:INFO:BayesianRidge()
2023-02-10 16:37:16,955:INFO:create_model() successfully completed......................................
2023-02-10 16:37:17,050:INFO:SubProcess create_model() end ==================================
2023-02-10 16:37:17,051:INFO:Creating metrics dataframe
2023-02-10 16:37:17,065:INFO:Initializing Passive Aggressive Regressor
2023-02-10 16:37:17,065:INFO:Total runtime is 0.10864516894022624 minutes
2023-02-10 16:37:17,069:INFO:SubProcess create_model() called ==================================
2023-02-10 16:37:17,069:INFO:Initializing create_model()
2023-02-10 16:37:17,070:INFO:create_model(self=<pycaret.regression.oop.RegressionExperiment object at 0x7f56511c8d90>, estimator=par, fold=KFold(n_splits=10, random_state=None, shuffle=False), round=4, cross_validation=True, predict=True, fit_kwargs={}, groups=None, refit=False, probability_threshold=None, experiment_custom_tags=None, verbose=False, system=False, add_to_model_list=True, metrics=None, display=<pycaret.internal.display.display.CommonDisplay object at 0x7f56130f7640>, model_only=True, return_train_score=False, kwargs={})
2023-02-10 16:37:17,070:INFO:Checking exceptions
2023-02-10 16:37:17,070:INFO:Importing libraries
2023-02-10 16:37:17,070:INFO:Copying training dataset
2023-02-10 16:37:17,077:INFO:Defining folds
2023-02-10 16:37:17,077:INFO:Declaring metric variables
2023-02-10 16:37:17,081:INFO:Importing untrained model
2023-02-10 16:37:17,086:INFO:Passive Aggressive Regressor Imported successfully
2023-02-10 16:37:17,094:INFO:Starting cross validation
2023-02-10 16:37:17,096:INFO:Cross validating with KFold(n_splits=10, random_state=None, shuffle=False), n_jobs=-1
2023-02-10 16:37:17,806:INFO:Calculating mean and std
2023-02-10 16:37:17,807:INFO:Creating metrics dataframe
2023-02-10 16:37:17,811:INFO:Uploading results into container
2023-02-10 16:37:17,811:INFO:Uploading model into container now
2023-02-10 16:37:17,812:INFO:_master_model_container: 9
2023-02-10 16:37:17,812:INFO:_display_container: 2
2023-02-10 16:37:17,813:INFO:PassiveAggressiveRegressor(random_state=8365)
2023-02-10 16:37:17,813:INFO:create_model() successfully completed......................................
2023-02-10 16:37:17,909:INFO:SubProcess create_model() end ==================================
2023-02-10 16:37:17,910:INFO:Creating metrics dataframe
2023-02-10 16:37:17,923:INFO:Initializing Huber Regressor
2023-02-10 16:37:17,924:INFO:Total runtime is 0.12295090754826865 minutes
2023-02-10 16:37:17,928:INFO:SubProcess create_model() called ==================================
2023-02-10 16:37:17,928:INFO:Initializing create_model()
2023-02-10 16:37:17,928:INFO:create_model(self=<pycaret.regression.oop.RegressionExperiment object at 0x7f56511c8d90>, estimator=huber, fold=KFold(n_splits=10, random_state=None, shuffle=False), round=4, cross_validation=True, predict=True, fit_kwargs={}, groups=None, refit=False, probability_threshold=None, experiment_custom_tags=None, verbose=False, system=False, add_to_model_list=True, metrics=None, display=<pycaret.internal.display.display.CommonDisplay object at 0x7f56130f7640>, model_only=True, return_train_score=False, kwargs={})
2023-02-10 16:37:17,928:INFO:Checking exceptions
2023-02-10 16:37:17,928:INFO:Importing libraries
2023-02-10 16:37:17,928:INFO:Copying training dataset
2023-02-10 16:37:17,935:INFO:Defining folds
2023-02-10 16:37:17,935:INFO:Declaring metric variables
2023-02-10 16:37:17,940:INFO:Importing untrained model
2023-02-10 16:37:17,945:INFO:Huber Regressor Imported successfully
2023-02-10 16:37:17,952:INFO:Starting cross validation
2023-02-10 16:37:17,953:INFO:Cross validating with KFold(n_splits=10, random_state=None, shuffle=False), n_jobs=-1
2023-02-10 16:37:18,198:WARNING:/usr/local/lib/python3.10/dist-packages/sklearn/linear_model/_huber.py:342: ConvergenceWarning: lbfgs failed to converge (status=1):
STOP: TOTAL NO. of ITERATIONS REACHED LIMIT.

Increase the number of iterations (max_iter) or scale the data as shown in:
    https://scikit-learn.org/stable/modules/preprocessing.html
  self.n_iter_ = _check_optimize_result("lbfgs", opt_res, self.max_iter)

2023-02-10 16:37:18,205:WARNING:/usr/local/lib/python3.10/dist-packages/sklearn/linear_model/_huber.py:342: ConvergenceWarning: lbfgs failed to converge (status=1):
STOP: TOTAL NO. of ITERATIONS REACHED LIMIT.

Increase the number of iterations (max_iter) or scale the data as shown in:
    https://scikit-learn.org/stable/modules/preprocessing.html
  self.n_iter_ = _check_optimize_result("lbfgs", opt_res, self.max_iter)

2023-02-10 16:37:18,486:WARNING:/usr/local/lib/python3.10/dist-packages/sklearn/linear_model/_huber.py:342: ConvergenceWarning: lbfgs failed to converge (status=1):
STOP: TOTAL NO. of ITERATIONS REACHED LIMIT.

Increase the number of iterations (max_iter) or scale the data as shown in:
    https://scikit-learn.org/stable/modules/preprocessing.html
  self.n_iter_ = _check_optimize_result("lbfgs", opt_res, self.max_iter)

2023-02-10 16:37:18,498:WARNING:/usr/local/lib/python3.10/dist-packages/sklearn/linear_model/_huber.py:342: ConvergenceWarning: lbfgs failed to converge (status=1):
STOP: TOTAL NO. of ITERATIONS REACHED LIMIT.

Increase the number of iterations (max_iter) or scale the data as shown in:
    https://scikit-learn.org/stable/modules/preprocessing.html
  self.n_iter_ = _check_optimize_result("lbfgs", opt_res, self.max_iter)

2023-02-10 16:37:18,747:WARNING:/usr/local/lib/python3.10/dist-packages/sklearn/linear_model/_huber.py:342: ConvergenceWarning: lbfgs failed to converge (status=1):
STOP: TOTAL NO. of ITERATIONS REACHED LIMIT.

Increase the number of iterations (max_iter) or scale the data as shown in:
    https://scikit-learn.org/stable/modules/preprocessing.html
  self.n_iter_ = _check_optimize_result("lbfgs", opt_res, self.max_iter)

2023-02-10 16:37:18,784:WARNING:/usr/local/lib/python3.10/dist-packages/sklearn/linear_model/_huber.py:342: ConvergenceWarning: lbfgs failed to converge (status=1):
STOP: TOTAL NO. of ITERATIONS REACHED LIMIT.

Increase the number of iterations (max_iter) or scale the data as shown in:
    https://scikit-learn.org/stable/modules/preprocessing.html
  self.n_iter_ = _check_optimize_result("lbfgs", opt_res, self.max_iter)

2023-02-10 16:37:19,028:WARNING:/usr/local/lib/python3.10/dist-packages/sklearn/linear_model/_huber.py:342: ConvergenceWarning: lbfgs failed to converge (status=1):
STOP: TOTAL NO. of ITERATIONS REACHED LIMIT.

Increase the number of iterations (max_iter) or scale the data as shown in:
    https://scikit-learn.org/stable/modules/preprocessing.html
  self.n_iter_ = _check_optimize_result("lbfgs", opt_res, self.max_iter)

2023-02-10 16:37:19,072:WARNING:/usr/local/lib/python3.10/dist-packages/sklearn/linear_model/_huber.py:342: ConvergenceWarning: lbfgs failed to converge (status=1):
STOP: TOTAL NO. of ITERATIONS REACHED LIMIT.

Increase the number of iterations (max_iter) or scale the data as shown in:
    https://scikit-learn.org/stable/modules/preprocessing.html
  self.n_iter_ = _check_optimize_result("lbfgs", opt_res, self.max_iter)

2023-02-10 16:37:19,299:WARNING:/usr/local/lib/python3.10/dist-packages/sklearn/linear_model/_huber.py:342: ConvergenceWarning: lbfgs failed to converge (status=1):
STOP: TOTAL NO. of ITERATIONS REACHED LIMIT.

Increase the number of iterations (max_iter) or scale the data as shown in:
    https://scikit-learn.org/stable/modules/preprocessing.html
  self.n_iter_ = _check_optimize_result("lbfgs", opt_res, self.max_iter)

2023-02-10 16:37:19,342:WARNING:/usr/local/lib/python3.10/dist-packages/sklearn/linear_model/_huber.py:342: ConvergenceWarning: lbfgs failed to converge (status=1):
STOP: TOTAL NO. of ITERATIONS REACHED LIMIT.

Increase the number of iterations (max_iter) or scale the data as shown in:
    https://scikit-learn.org/stable/modules/preprocessing.html
  self.n_iter_ = _check_optimize_result("lbfgs", opt_res, self.max_iter)

2023-02-10 16:37:19,374:INFO:Calculating mean and std
2023-02-10 16:37:19,376:INFO:Creating metrics dataframe
2023-02-10 16:37:19,382:INFO:Uploading results into container
2023-02-10 16:37:19,383:INFO:Uploading model into container now
2023-02-10 16:37:19,384:INFO:_master_model_container: 10
2023-02-10 16:37:19,384:INFO:_display_container: 2
2023-02-10 16:37:19,384:INFO:HuberRegressor()
2023-02-10 16:37:19,384:INFO:create_model() successfully completed......................................
2023-02-10 16:37:19,479:INFO:SubProcess create_model() end ==================================
2023-02-10 16:37:19,479:INFO:Creating metrics dataframe
2023-02-10 16:37:19,490:INFO:Initializing K Neighbors Regressor
2023-02-10 16:37:19,490:INFO:Total runtime is 0.14905912478764854 minutes
2023-02-10 16:37:19,494:INFO:SubProcess create_model() called ==================================
2023-02-10 16:37:19,495:INFO:Initializing create_model()
2023-02-10 16:37:19,495:INFO:create_model(self=<pycaret.regression.oop.RegressionExperiment object at 0x7f56511c8d90>, estimator=knn, fold=KFold(n_splits=10, random_state=None, shuffle=False), round=4, cross_validation=True, predict=True, fit_kwargs={}, groups=None, refit=False, probability_threshold=None, experiment_custom_tags=None, verbose=False, system=False, add_to_model_list=True, metrics=None, display=<pycaret.internal.display.display.CommonDisplay object at 0x7f56130f7640>, model_only=True, return_train_score=False, kwargs={})
2023-02-10 16:37:19,495:INFO:Checking exceptions
2023-02-10 16:37:19,495:INFO:Importing libraries
2023-02-10 16:37:19,495:INFO:Copying training dataset
2023-02-10 16:37:19,503:INFO:Defining folds
2023-02-10 16:37:19,503:INFO:Declaring metric variables
2023-02-10 16:37:19,506:INFO:Importing untrained model
2023-02-10 16:37:19,511:INFO:K Neighbors Regressor Imported successfully
2023-02-10 16:37:19,518:INFO:Starting cross validation
2023-02-10 16:37:19,520:INFO:Cross validating with KFold(n_splits=10, random_state=None, shuffle=False), n_jobs=-1
2023-02-10 16:37:19,949:INFO:Calculating mean and std
2023-02-10 16:37:19,951:INFO:Creating metrics dataframe
2023-02-10 16:37:19,954:INFO:Uploading results into container
2023-02-10 16:37:19,955:INFO:Uploading model into container now
2023-02-10 16:37:19,956:INFO:_master_model_container: 11
2023-02-10 16:37:19,956:INFO:_display_container: 2
2023-02-10 16:37:19,956:INFO:KNeighborsRegressor(n_jobs=-1)
2023-02-10 16:37:19,956:INFO:create_model() successfully completed......................................
2023-02-10 16:37:20,052:INFO:SubProcess create_model() end ==================================
2023-02-10 16:37:20,052:INFO:Creating metrics dataframe
2023-02-10 16:37:20,068:INFO:Initializing Decision Tree Regressor
2023-02-10 16:37:20,069:INFO:Total runtime is 0.15870090325673425 minutes
2023-02-10 16:37:20,072:INFO:SubProcess create_model() called ==================================
2023-02-10 16:37:20,073:INFO:Initializing create_model()
2023-02-10 16:37:20,073:INFO:create_model(self=<pycaret.regression.oop.RegressionExperiment object at 0x7f56511c8d90>, estimator=dt, fold=KFold(n_splits=10, random_state=None, shuffle=False), round=4, cross_validation=True, predict=True, fit_kwargs={}, groups=None, refit=False, probability_threshold=None, experiment_custom_tags=None, verbose=False, system=False, add_to_model_list=True, metrics=None, display=<pycaret.internal.display.display.CommonDisplay object at 0x7f56130f7640>, model_only=True, return_train_score=False, kwargs={})
2023-02-10 16:37:20,073:INFO:Checking exceptions
2023-02-10 16:37:20,073:INFO:Importing libraries
2023-02-10 16:37:20,073:INFO:Copying training dataset
2023-02-10 16:37:20,081:INFO:Defining folds
2023-02-10 16:37:20,081:INFO:Declaring metric variables
2023-02-10 16:37:20,086:INFO:Importing untrained model
2023-02-10 16:37:20,092:INFO:Decision Tree Regressor Imported successfully
2023-02-10 16:37:20,100:INFO:Starting cross validation
2023-02-10 16:37:20,101:INFO:Cross validating with KFold(n_splits=10, random_state=None, shuffle=False), n_jobs=-1
2023-02-10 16:37:21,178:INFO:Calculating mean and std
2023-02-10 16:37:21,179:INFO:Creating metrics dataframe
2023-02-10 16:37:21,183:INFO:Uploading results into container
2023-02-10 16:37:21,184:INFO:Uploading model into container now
2023-02-10 16:37:21,184:INFO:_master_model_container: 12
2023-02-10 16:37:21,184:INFO:_display_container: 2
2023-02-10 16:37:21,185:INFO:DecisionTreeRegressor(random_state=8365)
2023-02-10 16:37:21,185:INFO:create_model() successfully completed......................................
2023-02-10 16:37:21,281:INFO:SubProcess create_model() end ==================================
2023-02-10 16:37:21,281:INFO:Creating metrics dataframe
2023-02-10 16:37:21,306:INFO:Initializing Random Forest Regressor
2023-02-10 16:37:21,306:INFO:Total runtime is 0.17932436863581344 minutes
2023-02-10 16:37:21,313:INFO:SubProcess create_model() called ==================================
2023-02-10 16:37:21,314:INFO:Initializing create_model()
2023-02-10 16:37:21,314:INFO:create_model(self=<pycaret.regression.oop.RegressionExperiment object at 0x7f56511c8d90>, estimator=rf, fold=KFold(n_splits=10, random_state=None, shuffle=False), round=4, cross_validation=True, predict=True, fit_kwargs={}, groups=None, refit=False, probability_threshold=None, experiment_custom_tags=None, verbose=False, system=False, add_to_model_list=True, metrics=None, display=<pycaret.internal.display.display.CommonDisplay object at 0x7f56130f7640>, model_only=True, return_train_score=False, kwargs={})
2023-02-10 16:37:21,314:INFO:Checking exceptions
2023-02-10 16:37:21,315:INFO:Importing libraries
2023-02-10 16:37:21,315:INFO:Copying training dataset
2023-02-10 16:37:21,326:INFO:Defining folds
2023-02-10 16:37:21,326:INFO:Declaring metric variables
2023-02-10 16:37:21,331:INFO:Importing untrained model
2023-02-10 16:37:21,339:INFO:Random Forest Regressor Imported successfully
2023-02-10 16:37:21,353:INFO:Starting cross validation
2023-02-10 16:37:21,355:INFO:Cross validating with KFold(n_splits=10, random_state=None, shuffle=False), n_jobs=-1
